<?xml version="1.0" encoding="utf-8"?>
<TestRun id="a4a5985a-5c9e-4536-a72c-8c4318403198" name="Rolen@DESKTOP-C1UO3FR 2026-05-01 03:34:13" runUser="DESKTOP-C1UO3FR\Rolen" xmlns="http://microsoft.com/schemas/VisualStudio/TeamTest/2010">
  <Times creation="2026-05-01T03:34:13.3771864+08:00" queuing="2026-05-01T03:34:13.3771866+08:00" start="2026-05-01T03:34:11.3473833+08:00" finish="2026-05-01T03:34:13.8427793+08:00" />
  <TestSettings name="default" id="15c1e157-cea4-4632-8b7c-e47e9e58e661">
    <Deployment runDeploymentRoot="Rolen_DESKTOP-C1UO3FR_2026-05-01_03_34_13" />
  </TestSettings>
  <Results>
    <UnitTestResult executionId="b8736578-74fe-4464-a4a5-842334eaf5a0" testId="a69cfc93-9ed5-bed5-5e18-045cad126d18" testName="SI360.GateRunner.Tests.ProcessRunnerTests.RunAsync_WritesArtifactsForCompletedProcess" computerName="DESKTOP-C1UO3FR" duration="00:00:00.1064906" startTime="2026-05-01T03:34:13.6187624+08:00" endTime="2026-05-01T03:34:13.7248634+08:00" testType="13cdc9d9-ddb5-4fa4-a97d-d965ccfc6d4b" outcome="Passed" testListId="8c84fa94-04c1-424b-9868-57a2d4851a1d" relativeResultsDirectory="b8736578-74fe-4464-a4a5-842334eaf5a0" />
    <UnitTestResult executionId="911f5401-c252-42a7-aba1-537bf96e7f6c" testId="e5bcac40-2237-0d4e-c066-3acbc12fd55e" testName="SI360.GateRunner.Tests.SecretRedactorTests.ProcessRunner_RedactsLiveLogsAndArtifacts" computerName="DESKTOP-C1UO3FR" duration="00:00:00.4108602" startTime="2026-05-01T03:34:13.2972914+08:00" endTime="2026-05-01T03:34:13.6554038+08:00" testType="13cdc9d9-ddb5-4fa4-a97d-d965ccfc6d4b" outcome="Passed" testListId="8c84fa94-04c1-424b-9868-57a2d4851a1d" relativeResultsDirectory="911f5401-c252-42a7-aba1-537bf96e7f6c" />
    <UnitTestResult executionId="4cb8892e-b8b3-467d-b4f6-65ebf2acd888" testId="a4c8932d-78f7-1711-ee84-337770195869" testName="SI360.GateRunner.Tests.GateRunnerCommandsTests.BuildAsync_BuildsSolutionWithoutRestore" computerName="DESKTOP-C1UO3FR" duration="00:00:00.0067167" startTime="2026-05-01T03:34:13.6161175+08:00" endTime="2026-05-01T03:34:13.6251242+08:00" testType="13cdc9d9-ddb5-4fa4-a97d-d965ccfc6d4b" outcome="Passed" testListId="8c84fa94-04c1-424b-9868-57a2d4851a1d" relativeResultsDirectory="4cb8892e-b8b3-467d-b4f6-65ebf2acd888" />
    <UnitTestResult executionId="7885f63b-fdc6-45bd-8dac-735d7f3bd8ef" testId="a2bfa92d-2574-ce2e-6b44-8feb6afef1af" testName="SI360.GateRunner.Tests.ReportWriterTests.WriteAsync_ComparesNewRecurringAndResolvedFailures" computerName="DESKTOP-C1UO3FR" duration="00:00:00.4466562" startTime="2026-05-01T03:34:13.1641428+08:00" endTime="2026-05-01T03:34:13.6152615+08:00" testType="13cdc9d9-ddb5-4fa4-a97d-d965ccfc6d4b" outcome="Passed" testListId="8c84fa94-04c1-424b-9868-57a2d4851a1d" relativeResultsDirectory="7885f63b-fdc6-45bd-8dac-735d7f3bd8ef" />
    <UnitTestResult executionId="9199ff49-0bf6-4f4e-9cab-c7290cd759eb" testId="b770f71d-0d0a-bca3-46f0-1672ace75254" testName="SI360.GateRunner.Tests.DeploymentMetadataValidatorTests.Validate_RejectsSecretValuesAndSecretLikeFields" computerName="DESKTOP-C1UO3FR" duration="00:00:00.0115956" startTime="2026-05-01T03:34:13.2964108+08:00" endTime="2026-05-01T03:34:13.2964969+08:00" testType="13cdc9d9-ddb5-4fa4-a97d-d965ccfc6d4b" outcome="Passed" testListId="8c84fa94-04c1-424b-9868-57a2d4851a1d" relativeResultsDirectory="9199ff49-0bf6-4f4e-9cab-c7290cd759eb" />
    <UnitTestResult executionId="35c2fa5d-28b2-4383-a279-c3d860838782" testId="3eced5d3-c4d0-10c3-4c77-64ca197d1417" testName="SI360.GateRunner.Tests.SecretRedactorTests.Redact_RemovesKnownSecretPatterns(input: &quot;api_key=super-secret-token&quot;)" computerName="DESKTOP-C1UO3FR" duration="00:00:00.0003178" startTime="2026-05-01T03:34:13.6577292+08:00" endTime="2026-05-01T03:34:13.6584215+08:00" testType="13cdc9d9-ddb5-4fa4-a97d-d965ccfc6d4b" outcome="Passed" testListId="8c84fa94-04c1-424b-9868-57a2d4851a1d" relativeResultsDirectory="35c2fa5d-28b2-4383-a279-c3d860838782" />
    <UnitTestResult executionId="e9d82f4d-b199-43ec-8663-15400adebed2" testId="1e09913d-1be4-ea6f-4da3-bb82404330a6" testName="SI360.GateRunner.Tests.ReportWriterTests.WriteAsync_RedactsSecretsFromMarkdownAndJson" computerName="DESKTOP-C1UO3FR" duration="00:00:00.0505455" startTime="2026-05-01T03:34:13.6186018+08:00" endTime="2026-05-01T03:34:13.6688977+08:00" testType="13cdc9d9-ddb5-4fa4-a97d-d965ccfc6d4b" outcome="Passed" testListId="8c84fa94-04c1-424b-9868-57a2d4851a1d" relativeResultsDirectory="e9d82f4d-b199-43ec-8663-15400adebed2" />
    <UnitTestResult executionId="5bc7586c-1321-427a-a800-2be8d47f1e52" testId="1b6b7928-b660-48f6-d5c7-ae81f2164e53" testName="SI360.GateRunner.Tests.GateCatalogDriftAnalyzerTests.Validate_ReportsCountDriftAndMissingEntries" computerName="DESKTOP-C1UO3FR" duration="00:00:00.0034619" startTime="2026-05-01T03:34:13.5793689+08:00" endTime="2026-05-01T03:34:13.5831412+08:00" testType="13cdc9d9-ddb5-4fa4-a97d-d965ccfc6d4b" outcome="Passed" testListId="8c84fa94-04c1-424b-9868-57a2d4851a1d" relativeResultsDirectory="5bc7586c-1321-427a-a800-2be8d47f1e52" />
    <UnitTestResult executionId="eb4a4c3a-8566-4164-bea4-345d9143a586" testId="b99200d7-4624-dab8-0f77-52d1da46246f" testName="SI360.GateRunner.Tests.DecisionPolicyTests.Decide_ReturnsHold_WhenCatalogWarningsExist" computerName="DESKTOP-C1UO3FR" duration="00:00:00.0007898" startTime="2026-05-01T03:34:13.1608014+08:00" endTime="2026-05-01T03:34:13.1608796+08:00" testType="13cdc9d9-ddb5-4fa4-a97d-d965ccfc6d4b" outcome="Passed" testListId="8c84fa94-04c1-424b-9868-57a2d4851a1d" relativeResultsDirectory="eb4a4c3a-8566-4164-bea4-345d9143a586" />
    <UnitTestResult executionId="3f8831fe-5e72-4e40-b7d2-5794b04e1757" testId="e00f6021-d598-de18-aede-4c9968af10d1" testName="SI360.GateRunner.Tests.DecisionPolicyTests.Decide_ReturnsNoGo_WhenAnyGateIsRed" computerName="DESKTOP-C1UO3FR" duration="00:00:00.0004042" startTime="2026-05-01T03:34:13.1610898+08:00" endTime="2026-05-01T03:34:13.1611792+08:00" testType="13cdc9d9-ddb5-4fa4-a97d-d965ccfc6d4b" outcome="Passed" testListId="8c84fa94-04c1-424b-9868-57a2d4851a1d" relativeResultsDirectory="3f8831fe-5e72-4e40-b7d2-5794b04e1757" />
    <UnitTestResult executionId="39ff825b-692b-4c89-b98f-7ded7a486c1a" testId="8f1b24f5-0753-b595-10ac-0efcdcd844e4" testName="SI360.GateRunner.Tests.GateCatalogDriftAnalyzerTests.DiscoverFromDirectory_FindsGateClassesAndCountsFactsAndTheories" computerName="DESKTOP-C1UO3FR" duration="00:00:00.0113258" startTime="2026-05-01T03:34:13.5834630+08:00" endTime="2026-05-01T03:34:13.5942953+08:00" testType="13cdc9d9-ddb5-4fa4-a97d-d965ccfc6d4b" outcome="Passed" testListId="8c84fa94-04c1-424b-9868-57a2d4851a1d" relativeResultsDirectory="39ff825b-692b-4c89-b98f-7ded7a486c1a" />
    <UnitTestResult executionId="7e8ed0c8-9d85-4cc7-a943-eef12932e243" testId="b29d39a7-da59-f918-7964-800b7b5188f1" testName="SI360.GateRunner.Tests.GateRunnerCommandsTests.RestoreAsync_RestoresSolutionPath" computerName="DESKTOP-C1UO3FR" duration="00:00:00.0041735" startTime="2026-05-01T03:34:13.6063768+08:00" endTime="2026-05-01T03:34:13.6104619+08:00" testType="13cdc9d9-ddb5-4fa4-a97d-d965ccfc6d4b" outcome="Passed" testListId="8c84fa94-04c1-424b-9868-57a2d4851a1d" relativeResultsDirectory="7e8ed0c8-9d85-4cc7-a943-eef12932e243" />
    <UnitTestResult executionId="72427d4d-2ffd-494c-8f73-941afb64deac" testId="86a806c3-008c-3494-158c-33d60ef62ffc" testName="SI360.GateRunner.Tests.GateRunnerCommandsTests.Snapshot_MatchesCommandFactoryOutput" computerName="DESKTOP-C1UO3FR" duration="00:00:00.0052653" startTime="2026-05-01T03:34:13.6107405+08:00" endTime="2026-05-01T03:34:13.6157870+08:00" testType="13cdc9d9-ddb5-4fa4-a97d-d965ccfc6d4b" outcome="Passed" testListId="8c84fa94-04c1-424b-9868-57a2d4851a1d" relativeResultsDirectory="72427d4d-2ffd-494c-8f73-941afb64deac" />
    <UnitTestResult executionId="ce63faf7-e593-4089-881d-7296ac16e172" testId="421d3f0a-c796-3398-1fa8-2b592e7d4f44" testName="SI360.GateRunner.Tests.ReportWriterTests.WriteAsync_IncludesDecisionPolicyAndCatalogWarnings" computerName="DESKTOP-C1UO3FR" duration="00:00:00.0144642" startTime="2026-05-01T03:34:13.6692134+08:00" endTime="2026-05-01T03:34:13.6841934+08:00" testType="13cdc9d9-ddb5-4fa4-a97d-d965ccfc6d4b" outcome="Passed" testListId="8c84fa94-04c1-424b-9868-57a2d4851a1d" relativeResultsDirectory="ce63faf7-e593-4089-881d-7296ac16e172" />
    <UnitTestResult executionId="637ce95e-87a5-46dc-ae72-cf0c8fb2d66d" testId="bb197bcb-a685-15af-e079-6135eebd9628" testName="SI360.GateRunner.Tests.SecretRedactorTests.Redact_RemovesKnownSecretPatterns(input: &quot;Authorization: Bearer eyJhbGciOiJIUzI1NiJ9.secret&quot;)" computerName="DESKTOP-C1UO3FR" duration="00:00:00.0000380" startTime="2026-05-01T03:34:13.6590209+08:00" endTime="2026-05-01T03:34:13.6591337+08:00" testType="13cdc9d9-ddb5-4fa4-a97d-d965ccfc6d4b" outcome="Passed" testListId="8c84fa94-04c1-424b-9868-57a2d4851a1d" relativeResultsDirectory="637ce95e-87a5-46dc-ae72-cf0c8fb2d66d" />
    <UnitTestResult executionId="9b7e1a34-2ac7-4537-a657-223d8fc654e4" testId="e17fca42-437a-68d1-0840-f851d75d6b14" testName="SI360.GateRunner.Tests.DeploymentMetadataValidatorTests.Validate_ReportsMalformedEndpointsAndIds" computerName="DESKTOP-C1UO3FR" duration="00:00:00.0009224" startTime="2026-05-01T03:34:13.2967249+08:00" endTime="2026-05-01T03:34:13.2968408+08:00" testType="13cdc9d9-ddb5-4fa4-a97d-d965ccfc6d4b" outcome="Passed" testListId="8c84fa94-04c1-424b-9868-57a2d4851a1d" relativeResultsDirectory="9b7e1a34-2ac7-4537-a657-223d8fc654e4" />
    <UnitTestResult executionId="cf2c2705-9e28-42d4-99ab-734bd528a41e" testId="466bb025-5f29-c51c-5a36-4e140a2ce2cc" testName="SI360.GateRunner.Tests.RunnerSettingsTests.Validate_ReturnsActionableErrorsForInvalidConfiguration" computerName="DESKTOP-C1UO3FR" duration="00:00:00.0034374" startTime="2026-05-01T03:34:13.5952932+08:00" endTime="2026-05-01T03:34:13.5987537+08:00" testType="13cdc9d9-ddb5-4fa4-a97d-d965ccfc6d4b" outcome="Passed" testListId="8c84fa94-04c1-424b-9868-57a2d4851a1d" relativeResultsDirectory="cf2c2705-9e28-42d4-99ab-734bd528a41e" />
    <UnitTestResult executionId="bc9d36b5-2d72-4852-ab13-12df41339e2e" testId="1db434c8-2f2a-9853-7f17-6b29859693db" testName="SI360.GateRunner.Tests.DeploymentMetadataValidatorTests.Validate_ReportsMissingRequiredFields" computerName="DESKTOP-C1UO3FR" duration="00:00:00.0046732" startTime="2026-05-01T03:34:13.2953228+08:00" endTime="2026-05-01T03:34:13.2954381+08:00" testType="13cdc9d9-ddb5-4fa4-a97d-d965ccfc6d4b" outcome="Passed" testListId="8c84fa94-04c1-424b-9868-57a2d4851a1d" relativeResultsDirectory="bc9d36b5-2d72-4852-ab13-12df41339e2e" />
    <UnitTestResult executionId="3b349f49-f55a-440e-898f-bb4bb6e7348e" testId="d7dd4c99-154f-8ab6-56e0-8363e63caeb3" testName="SI360.GateRunner.Tests.DecisionPolicyTests.Decide_ReturnsNoGo_WhenBuildErrorsExist" computerName="DESKTOP-C1UO3FR" duration="00:00:00.0003701" startTime="2026-05-01T03:34:13.1613927+08:00" endTime="2026-05-01T03:34:13.1614518+08:00" testType="13cdc9d9-ddb5-4fa4-a97d-d965ccfc6d4b" outcome="Passed" testListId="8c84fa94-04c1-424b-9868-57a2d4851a1d" relativeResultsDirectory="3b349f49-f55a-440e-898f-bb4bb6e7348e" />
    <UnitTestResult executionId="d67f70db-2cd6-420f-8f0c-9fa055d30cf1" testId="29114be5-55cd-6aa0-9e64-7c18eb5130ca" testName="SI360.GateRunner.Tests.SecretRedactorTests.Redact_RemovesKnownSecretPatterns(input: &quot;https://example.test/status?token=super-secret-tok&quot;···)" computerName="DESKTOP-C1UO3FR" duration="00:00:00.0000366" startTime="2026-05-01T03:34:13.6593340+08:00" endTime="2026-05-01T03:34:13.6594226+08:00" testType="13cdc9d9-ddb5-4fa4-a97d-d965ccfc6d4b" outcome="Passed" testListId="8c84fa94-04c1-424b-9868-57a2d4851a1d" relativeResultsDirectory="d67f70db-2cd6-420f-8f0c-9fa055d30cf1" />
    <UnitTestResult executionId="9449f37c-d617-42cd-8734-46ed6be29dcd" testId="002d2d59-9e33-8304-f7f9-c80766298b80" testName="SI360.GateRunner.Tests.DeploymentMetadataValidatorTests.LoadAndValidate_ReadsMetadataFile" computerName="DESKTOP-C1UO3FR" duration="00:00:00.1213268" startTime="2026-05-01T03:34:13.0943266+08:00" endTime="2026-05-01T03:34:13.2231120+08:00" testType="13cdc9d9-ddb5-4fa4-a97d-d965ccfc6d4b" outcome="Passed" testListId="8c84fa94-04c1-424b-9868-57a2d4851a1d" relativeResultsDirectory="9449f37c-d617-42cd-8734-46ed6be29dcd" />
    <UnitTestResult executionId="3cf90975-0203-4919-befd-e9d674d85f96" testId="ef0c39ad-e05d-4e0f-b601-af34c65519dd" testName="SI360.GateRunner.Tests.DecisionPolicyTests.Decide_ReturnsGo_WhenScoreMeetsThresholdAndAllGatesGreen" computerName="DESKTOP-C1UO3FR" duration="00:00:00.0090285" startTime="2026-05-01T03:34:13.1604367+08:00" endTime="2026-05-01T03:34:13.1605433+08:00" testType="13cdc9d9-ddb5-4fa4-a97d-d965ccfc6d4b" outcome="Passed" testListId="8c84fa94-04c1-424b-9868-57a2d4851a1d" relativeResultsDirectory="3cf90975-0203-4919-befd-e9d674d85f96" />
    <UnitTestResult executionId="fb8ad79e-5ab1-4f27-8d53-c80ca0efba78" testId="c1426626-f98b-4838-49b5-97cd2f2ae64d" testName="SI360.GateRunner.Tests.RunnerSettingsTests.ApplyEnvironmentVariables_OverridesNewConfigurationFields" computerName="DESKTOP-C1UO3FR" duration="00:00:00.0021522" startTime="2026-05-01T03:34:13.5990145+08:00" endTime="2026-05-01T03:34:13.6010149+08:00" testType="13cdc9d9-ddb5-4fa4-a97d-d965ccfc6d4b" outcome="Passed" testListId="8c84fa94-04c1-424b-9868-57a2d4851a1d" relativeResultsDirectory="fb8ad79e-5ab1-4f27-8d53-c80ca0efba78" />
    <UnitTestResult executionId="55728113-cbb0-4942-883c-c3accef6f02b" testId="25cf303c-61f7-2226-36d2-65731f09ebd4" testName="SI360.GateRunner.Tests.SecretRedactorTests.Redact_RemovesKnownSecretPatterns(input: &quot;Server=db;Password=super-secret-token;Database=SI3&quot;···)" computerName="DESKTOP-C1UO3FR" duration="00:00:00.0002732" startTime="2026-05-01T03:34:13.6586512+08:00" endTime="2026-05-01T03:34:13.6587413+08:00" testType="13cdc9d9-ddb5-4fa4-a97d-d965ccfc6d4b" outcome="Passed" testListId="8c84fa94-04c1-424b-9868-57a2d4851a1d" relativeResultsDirectory="55728113-cbb0-4942-883c-c3accef6f02b" />
    <UnitTestResult executionId="b25925f1-7cf3-46d3-abaf-7732b520c085" testId="a9c81db0-9e6e-7165-c525-3e83dc3a9d57" testName="SI360.GateRunner.Tests.DecisionPolicyTests.Decide_ReturnsHold_WhenAllGatesGreenButScoreIsBelowGoThreshold" computerName="DESKTOP-C1UO3FR" duration="00:00:00.0003557" startTime="2026-05-01T03:34:13.1598808+08:00" endTime="2026-05-01T03:34:13.1599692+08:00" testType="13cdc9d9-ddb5-4fa4-a97d-d965ccfc6d4b" outcome="Passed" testListId="8c84fa94-04c1-424b-9868-57a2d4851a1d" relativeResultsDirectory="b25925f1-7cf3-46d3-abaf-7732b520c085" />
    <UnitTestResult executionId="eaf87b9e-714d-464d-935a-153b839b5f48" testId="28901983-af4e-1a8b-9905-8626dcfb5c69" testName="SI360.GateRunner.Tests.TrxResultParserTests.Parse_ReadsFailedTestDetailsFromTrx" computerName="DESKTOP-C1UO3FR" duration="00:00:00.0237567" startTime="2026-05-01T03:34:13.6255261+08:00" endTime="2026-05-01T03:34:13.6480220+08:00" testType="13cdc9d9-ddb5-4fa4-a97d-d965ccfc6d4b" outcome="Passed" testListId="8c84fa94-04c1-424b-9868-57a2d4851a1d" relativeResultsDirectory="eaf87b9e-714d-464d-935a-153b839b5f48" />
    <UnitTestResult executionId="418b655b-4383-4fd0-ac83-e1e8a10f1fba" testId="f75b1d4f-4e9b-9446-b76b-142d7f7137a2" testName="SI360.GateRunner.Tests.ProcessRunnerTests.RunAsync_ReportsTimeout" computerName="DESKTOP-C1UO3FR" duration="00:00:00.3928910" startTime="2026-05-01T03:34:13.2067250+08:00" endTime="2026-05-01T03:34:13.6153447+08:00" testType="13cdc9d9-ddb5-4fa4-a97d-d965ccfc6d4b" outcome="Passed" testListId="8c84fa94-04c1-424b-9868-57a2d4851a1d" relativeResultsDirectory="418b655b-4383-4fd0-ac83-e1e8a10f1fba" />
    <UnitTestResult executionId="52bf77e2-36ed-4975-8a26-cd23b27caac5" testId="3af1a18d-e042-ff91-90ee-7632bc4d2055" testName="SI360.GateRunner.Tests.RunnerSettingsTests.Discover_FindsSolutionTestProjectAndResultsDirectoryFromCandidateRoot" computerName="DESKTOP-C1UO3FR" duration="00:00:00.0045665" startTime="2026-05-01T03:34:13.6047396+08:00" endTime="2026-05-01T03:34:13.6057072+08:00" testType="13cdc9d9-ddb5-4fa4-a97d-d965ccfc6d4b" outcome="Passed" testListId="8c84fa94-04c1-424b-9868-57a2d4851a1d" relativeResultsDirectory="52bf77e2-36ed-4975-8a26-cd23b27caac5" />
    <UnitTestResult executionId="13dd3b02-882d-420f-b71f-943c5e12d2ab" testId="bd5ad49f-a308-db5a-14b2-50eb08819930" testName="SI360.GateRunner.Tests.DecisionPolicyTests.Decide_ReturnsHold_WhenScorePassesButAnyGateIsYellow" computerName="DESKTOP-C1UO3FR" duration="00:00:00.0212571" startTime="2026-05-01T03:34:13.0915515+08:00" endTime="2026-05-01T03:34:13.1273215+08:00" testType="13cdc9d9-ddb5-4fa4-a97d-d965ccfc6d4b" outcome="Passed" testListId="8c84fa94-04c1-424b-9868-57a2d4851a1d" relativeResultsDirectory="13dd3b02-882d-420f-b71f-943c5e12d2ab" />
    <UnitTestResult executionId="26b82902-cfaf-43e7-8429-3bd33d3e8027" testId="f115d62a-bf7f-b4ad-9271-495c2d158814" testName="SI360.GateRunner.Tests.DeploymentMetadataValidatorTests.Validate_AcceptsCompleteMetadata" computerName="DESKTOP-C1UO3FR" duration="00:00:00.0015574" startTime="2026-05-01T03:34:13.2960444+08:00" endTime="2026-05-01T03:34:13.2961515+08:00" testType="13cdc9d9-ddb5-4fa4-a97d-d965ccfc6d4b" outcome="Passed" testListId="8c84fa94-04c1-424b-9868-57a2d4851a1d" relativeResultsDirectory="26b82902-cfaf-43e7-8429-3bd33d3e8027" />
  </Results>
  <TestDefinitions>
    <UnitTest name="SI360.GateRunner.Tests.GateRunnerCommandsTests.RestoreAsync_RestoresSolutionPath" storage="d:\gaterunner\si360.gaterunner.tests\bin\debug\net8.0-windows\si360.gaterunner.tests.dll" id="b29d39a7-da59-f918-7964-800b7b5188f1">
      <Execution id="7e8ed0c8-9d85-4cc7-a943-eef12932e243" />
      <TestMethod codeBase="D:\GateRunner\SI360.GateRunner.Tests\bin\Debug\net8.0-windows\SI360.GateRunner.Tests.dll" adapterTypeName="executor://xunit/VsTestRunner3/netcore/" className="SI360.GateRunner.Tests.GateRunnerCommandsTests" name="RestoreAsync_RestoresSolutionPath" />
    </UnitTest>
    <UnitTest name="SI360.GateRunner.Tests.ReportWriterTests.WriteAsync_ComparesNewRecurringAndResolvedFailures" storage="d:\gaterunner\si360.gaterunner.tests\bin\debug\net8.0-windows\si360.gaterunner.tests.dll" id="a2bfa92d-2574-ce2e-6b44-8feb6afef1af">
      <Execution id="7885f63b-fdc6-45bd-8dac-735d7f3bd8ef" />
      <TestMethod codeBase="D:\GateRunner\SI360.GateRunner.Tests\bin\Debug\net8.0-windows\SI360.GateRunner.Tests.dll" adapterTypeName="executor://xunit/VsTestRunner3/netcore/" className="SI360.GateRunner.Tests.ReportWriterTests" name="WriteAsync_ComparesNewRecurringAndResolvedFailures" />
    </UnitTest>
    <UnitTest name="SI360.GateRunner.Tests.SecretRedactorTests.Redact_RemovesKnownSecretPatterns(input: &quot;Authorization: Bearer eyJhbGciOiJIUzI1NiJ9.secret&quot;)" storage="d:\gaterunner\si360.gaterunner.tests\bin\debug\net8.0-windows\si360.gaterunner.tests.dll" id="bb197bcb-a685-15af-e079-6135eebd9628">
      <Execution id="637ce95e-87a5-46dc-ae72-cf0c8fb2d66d" />
      <TestMethod codeBase="D:\GateRunner\SI360.GateRunner.Tests\bin\Debug\net8.0-windows\SI360.GateRunner.Tests.dll" adapterTypeName="executor://xunit/VsTestRunner3/netcore/" className="SI360.GateRunner.Tests.SecretRedactorTests" name="Redact_RemovesKnownSecretPatterns" />
    </UnitTest>
    <UnitTest name="SI360.GateRunner.Tests.DeploymentMetadataValidatorTests.Validate_AcceptsCompleteMetadata" storage="d:\gaterunner\si360.gaterunner.tests\bin\debug\net8.0-windows\si360.gaterunner.tests.dll" id="f115d62a-bf7f-b4ad-9271-495c2d158814">
      <Execution id="26b82902-cfaf-43e7-8429-3bd33d3e8027" />
      <TestMethod codeBase="D:\GateRunner\SI360.GateRunner.Tests\bin\Debug\net8.0-windows\SI360.GateRunner.Tests.dll" adapterTypeName="executor://xunit/VsTestRunner3/netcore/" className="SI360.GateRunner.Tests.DeploymentMetadataValidatorTests" name="Validate_AcceptsCompleteMetadata" />
    </UnitTest>
    <UnitTest name="SI360.GateRunner.Tests.ReportWriterTests.WriteAsync_IncludesDecisionPolicyAndCatalogWarnings" storage="d:\gaterunner\si360.gaterunner.tests\bin\debug\net8.0-windows\si360.gaterunner.tests.dll" id="421d3f0a-c796-3398-1fa8-2b592e7d4f44">
      <Execution id="ce63faf7-e593-4089-881d-7296ac16e172" />
      <TestMethod codeBase="D:\GateRunner\SI360.GateRunner.Tests\bin\Debug\net8.0-windows\SI360.GateRunner.Tests.dll" adapterTypeName="executor://xunit/VsTestRunner3/netcore/" className="SI360.GateRunner.Tests.ReportWriterTests" name="WriteAsync_IncludesDecisionPolicyAndCatalogWarnings" />
    </UnitTest>
    <UnitTest name="SI360.GateRunner.Tests.ProcessRunnerTests.RunAsync_ReportsTimeout" storage="d:\gaterunner\si360.gaterunner.tests\bin\debug\net8.0-windows\si360.gaterunner.tests.dll" id="f75b1d4f-4e9b-9446-b76b-142d7f7137a2">
      <Execution id="418b655b-4383-4fd0-ac83-e1e8a10f1fba" />
      <TestMethod codeBase="D:\GateRunner\SI360.GateRunner.Tests\bin\Debug\net8.0-windows\SI360.GateRunner.Tests.dll" adapterTypeName="executor://xunit/VsTestRunner3/netcore/" className="SI360.GateRunner.Tests.ProcessRunnerTests" name="RunAsync_ReportsTimeout" />
    </UnitTest>
    <UnitTest name="SI360.GateRunner.Tests.SecretRedactorTests.Redact_RemovesKnownSecretPatterns(input: &quot;https://example.test/status?token=super-secret-tok&quot;···)" storage="d:\gaterunner\si360.gaterunner.tests\bin\debug\net8.0-windows\si360.gaterunner.tests.dll" id="29114be5-55cd-6aa0-9e64-7c18eb5130ca">
      <Execution id="d67f70db-2cd6-420f-8f0c-9fa055d30cf1" />
      <TestMethod codeBase="D:\GateRunner\SI360.GateRunner.Tests\bin\Debug\net8.0-windows\SI360.GateRunner.Tests.dll" adapterTypeName="executor://xunit/VsTestRunner3/netcore/" className="SI360.GateRunner.Tests.SecretRedactorTests" name="Redact_RemovesKnownSecretPatterns" />
    </UnitTest>
    <UnitTest name="SI360.GateRunner.Tests.DecisionPolicyTests.Decide_ReturnsNoGo_WhenBuildErrorsExist" storage="d:\gaterunner\si360.gaterunner.tests\bin\debug\net8.0-windows\si360.gaterunner.tests.dll" id="d7dd4c99-154f-8ab6-56e0-8363e63caeb3">
      <Execution id="3b349f49-f55a-440e-898f-bb4bb6e7348e" />
      <TestMethod codeBase="D:\GateRunner\SI360.GateRunner.Tests\bin\Debug\net8.0-windows\SI360.GateRunner.Tests.dll" adapterTypeName="executor://xunit/VsTestRunner3/netcore/" className="SI360.GateRunner.Tests.DecisionPolicyTests" name="Decide_ReturnsNoGo_WhenBuildErrorsExist" />
    </UnitTest>
    <UnitTest name="SI360.GateRunner.Tests.GateCatalogDriftAnalyzerTests.Validate_ReportsCountDriftAndMissingEntries" storage="d:\gaterunner\si360.gaterunner.tests\bin\debug\net8.0-windows\si360.gaterunner.tests.dll" id="1b6b7928-b660-48f6-d5c7-ae81f2164e53">
      <Execution id="5bc7586c-1321-427a-a800-2be8d47f1e52" />
      <TestMethod codeBase="D:\GateRunner\SI360.GateRunner.Tests\bin\Debug\net8.0-windows\SI360.GateRunner.Tests.dll" adapterTypeName="executor://xunit/VsTestRunner3/netcore/" className="SI360.GateRunner.Tests.GateCatalogDriftAnalyzerTests" name="Validate_ReportsCountDriftAndMissingEntries" />
    </UnitTest>
    <UnitTest name="SI360.GateRunner.Tests.RunnerSettingsTests.Discover_FindsSolutionTestProjectAndResultsDirectoryFromCandidateRoot" storage="d:\gaterunner\si360.gaterunner.tests\bin\debug\net8.0-windows\si360.gaterunner.tests.dll" id="3af1a18d-e042-ff91-90ee-7632bc4d2055">
      <Execution id="52bf77e2-36ed-4975-8a26-cd23b27caac5" />
      <TestMethod codeBase="D:\GateRunner\SI360.GateRunner.Tests\bin\Debug\net8.0-windows\SI360.GateRunner.Tests.dll" adapterTypeName="executor://xunit/VsTestRunner3/netcore/" className="SI360.GateRunner.Tests.RunnerSettingsTests" name="Discover_FindsSolutionTestProjectAndResultsDirectoryFromCandidateRoot" />
    </UnitTest>
    <UnitTest name="SI360.GateRunner.Tests.DecisionPolicyTests.Decide_ReturnsGo_WhenScoreMeetsThresholdAndAllGatesGreen" storage="d:\gaterunner\si360.gaterunner.tests\bin\debug\net8.0-windows\si360.gaterunner.tests.dll" id="ef0c39ad-e05d-4e0f-b601-af34c65519dd">
      <Execution id="3cf90975-0203-4919-befd-e9d674d85f96" />
      <TestMethod codeBase="D:\GateRunner\SI360.GateRunner.Tests\bin\Debug\net8.0-windows\SI360.GateRunner.Tests.dll" adapterTypeName="executor://xunit/VsTestRunner3/netcore/" className="SI360.GateRunner.Tests.DecisionPolicyTests" name="Decide_ReturnsGo_WhenScoreMeetsThresholdAndAllGatesGreen" />
    </UnitTest>
    <UnitTest name="SI360.GateRunner.Tests.DeploymentMetadataValidatorTests.Validate_ReportsMalformedEndpointsAndIds" storage="d:\gaterunner\si360.gaterunner.tests\bin\debug\net8.0-windows\si360.gaterunner.tests.dll" id="e17fca42-437a-68d1-0840-f851d75d6b14">
      <Execution id="9b7e1a34-2ac7-4537-a657-223d8fc654e4" />
      <TestMethod codeBase="D:\GateRunner\SI360.GateRunner.Tests\bin\Debug\net8.0-windows\SI360.GateRunner.Tests.dll" adapterTypeName="executor://xunit/VsTestRunner3/netcore/" className="SI360.GateRunner.Tests.DeploymentMetadataValidatorTests" name="Validate_ReportsMalformedEndpointsAndIds" />
    </UnitTest>
    <UnitTest name="SI360.GateRunner.Tests.GateCatalogDriftAnalyzerTests.DiscoverFromDirectory_FindsGateClassesAndCountsFactsAndTheories" storage="d:\gaterunner\si360.gaterunner.tests\bin\debug\net8.0-windows\si360.gaterunner.tests.dll" id="8f1b24f5-0753-b595-10ac-0efcdcd844e4">
      <Execution id="39ff825b-692b-4c89-b98f-7ded7a486c1a" />
      <TestMethod codeBase="D:\GateRunner\SI360.GateRunner.Tests\bin\Debug\net8.0-windows\SI360.GateRunner.Tests.dll" adapterTypeName="executor://xunit/VsTestRunner3/netcore/" className="SI360.GateRunner.Tests.GateCatalogDriftAnalyzerTests" name="DiscoverFromDirectory_FindsGateClassesAndCountsFactsAndTheories" />
    </UnitTest>
    <UnitTest name="SI360.GateRunner.Tests.DecisionPolicyTests.Decide_ReturnsNoGo_WhenAnyGateIsRed" storage="d:\gaterunner\si360.gaterunner.tests\bin\debug\net8.0-windows\si360.gaterunner.tests.dll" id="e00f6021-d598-de18-aede-4c9968af10d1">
      <Execution id="3f8831fe-5e72-4e40-b7d2-5794b04e1757" />
      <TestMethod codeBase="D:\GateRunner\SI360.GateRunner.Tests\bin\Debug\net8.0-windows\SI360.GateRunner.Tests.dll" adapterTypeName="executor://xunit/VsTestRunner3/netcore/" className="SI360.GateRunner.Tests.DecisionPolicyTests" name="Decide_ReturnsNoGo_WhenAnyGateIsRed" />
    </UnitTest>
    <UnitTest name="SI360.GateRunner.Tests.SecretRedactorTests.Redact_RemovesKnownSecretPatterns(input: &quot;api_key=super-secret-token&quot;)" storage="d:\gaterunner\si360.gaterunner.tests\bin\debug\net8.0-windows\si360.gaterunner.tests.dll" id="3eced5d3-c4d0-10c3-4c77-64ca197d1417">
      <Execution id="35c2fa5d-28b2-4383-a279-c3d860838782" />
      <TestMethod codeBase="D:\GateRunner\SI360.GateRunner.Tests\bin\Debug\net8.0-windows\SI360.GateRunner.Tests.dll" adapterTypeName="executor://xunit/VsTestRunner3/netcore/" className="SI360.GateRunner.Tests.SecretRedactorTests" name="Redact_RemovesKnownSecretPatterns" />
    </UnitTest>
    <UnitTest name="SI360.GateRunner.Tests.DecisionPolicyTests.Decide_ReturnsHold_WhenAllGatesGreenButScoreIsBelowGoThreshold" storage="d:\gaterunner\si360.gaterunner.tests\bin\debug\net8.0-windows\si360.gaterunner.tests.dll" id="a9c81db0-9e6e-7165-c525-3e83dc3a9d57">
      <Execution id="b25925f1-7cf3-46d3-abaf-7732b520c085" />
      <TestMethod codeBase="D:\GateRunner\SI360.GateRunner.Tests\bin\Debug\net8.0-windows\SI360.GateRunner.Tests.dll" adapterTypeName="executor://xunit/VsTestRunner3/netcore/" className="SI360.GateRunner.Tests.DecisionPolicyTests" name="Decide_ReturnsHold_WhenAllGatesGreenButScoreIsBelowGoThreshold" />
    </UnitTest>
    <UnitTest name="SI360.GateRunner.Tests.RunnerSettingsTests.Validate_ReturnsActionableErrorsForInvalidConfiguration" storage="d:\gaterunner\si360.gaterunner.tests\bin\debug\net8.0-windows\si360.gaterunner.tests.dll" id="466bb025-5f29-c51c-5a36-4e140a2ce2cc">
      <Execution id="cf2c2705-9e28-42d4-99ab-734bd528a41e" />
      <TestMethod codeBase="D:\GateRunner\SI360.GateRunner.Tests\bin\Debug\net8.0-windows\SI360.GateRunner.Tests.dll" adapterTypeName="executor://xunit/VsTestRunner3/netcore/" className="SI360.GateRunner.Tests.RunnerSettingsTests" name="Validate_ReturnsActionableErrorsForInvalidConfiguration" />
    </UnitTest>
    <UnitTest name="SI360.GateRunner.Tests.RunnerSettingsTests.ApplyEnvironmentVariables_OverridesNewConfigurationFields" storage="d:\gaterunner\si360.gaterunner.tests\bin\debug\net8.0-windows\si360.gaterunner.tests.dll" id="c1426626-f98b-4838-49b5-97cd2f2ae64d">
      <Execution id="fb8ad79e-5ab1-4f27-8d53-c80ca0efba78" />
      <TestMethod codeBase="D:\GateRunner\SI360.GateRunner.Tests\bin\Debug\net8.0-windows\SI360.GateRunner.Tests.dll" adapterTypeName="executor://xunit/VsTestRunner3/netcore/" className="SI360.GateRunner.Tests.RunnerSettingsTests" name="ApplyEnvironmentVariables_OverridesNewConfigurationFields" />
    </UnitTest>
    <UnitTest name="SI360.GateRunner.Tests.TrxResultParserTests.Parse_ReadsFailedTestDetailsFromTrx" storage="d:\gaterunner\si360.gaterunner.tests\bin\debug\net8.0-windows\si360.gaterunner.tests.dll" id="28901983-af4e-1a8b-9905-8626dcfb5c69">
      <Execution id="eaf87b9e-714d-464d-935a-153b839b5f48" />
      <TestMethod codeBase="D:\GateRunner\SI360.GateRunner.Tests\bin\Debug\net8.0-windows\SI360.GateRunner.Tests.dll" adapterTypeName="executor://xunit/VsTestRunner3/netcore/" className="SI360.GateRunner.Tests.TrxResultParserTests" name="Parse_ReadsFailedTestDetailsFromTrx" />
    </UnitTest>
    <UnitTest name="SI360.GateRunner.Tests.SecretRedactorTests.Redact_RemovesKnownSecretPatterns(input: &quot;Server=db;Password=super-secret-token;Database=SI3&quot;···)" storage="d:\gaterunner\si360.gaterunner.tests\bin\debug\net8.0-windows\si360.gaterunner.tests.dll" id="25cf303c-61f7-2226-36d2-65731f09ebd4">
      <Execution id="55728113-cbb0-4942-883c-c3accef6f02b" />
      <TestMethod codeBase="D:\GateRunner\SI360.GateRunner.Tests\bin\Debug\net8.0-windows\SI360.GateRunner.Tests.dll" adapterTypeName="executor://xunit/VsTestRunner3/netcore/" className="SI360.GateRunner.Tests.SecretRedactorTests" name="Redact_RemovesKnownSecretPatterns" />
    </UnitTest>
    <UnitTest name="SI360.GateRunner.Tests.DeploymentMetadataValidatorTests.Validate_ReportsMissingRequiredFields" storage="d:\gaterunner\si360.gaterunner.tests\bin\debug\net8.0-windows\si360.gaterunner.tests.dll" id="1db434c8-2f2a-9853-7f17-6b29859693db">
      <Execution id="bc9d36b5-2d72-4852-ab13-12df41339e2e" />
      <TestMethod codeBase="D:\GateRunner\SI360.GateRunner.Tests\bin\Debug\net8.0-windows\SI360.GateRunner.Tests.dll" adapterTypeName="executor://xunit/VsTestRunner3/netcore/" className="SI360.GateRunner.Tests.DeploymentMetadataValidatorTests" name="Validate_ReportsMissingRequiredFields" />
    </UnitTest>
    <UnitTest name="SI360.GateRunner.Tests.DecisionPolicyTests.Decide_ReturnsHold_WhenCatalogWarningsExist" storage="d:\gaterunner\si360.gaterunner.tests\bin\debug\net8.0-windows\si360.gaterunner.tests.dll" id="b99200d7-4624-dab8-0f77-52d1da46246f">
      <Execution id="eb4a4c3a-8566-4164-bea4-345d9143a586" />
      <TestMethod codeBase="D:\GateRunner\SI360.GateRunner.Tests\bin\Debug\net8.0-windows\SI360.GateRunner.Tests.dll" adapterTypeName="executor://xunit/VsTestRunner3/netcore/" className="SI360.GateRunner.Tests.DecisionPolicyTests" name="Decide_ReturnsHold_WhenCatalogWarningsExist" />
    </UnitTest>
    <UnitTest name="SI360.GateRunner.Tests.SecretRedactorTests.ProcessRunner_RedactsLiveLogsAndArtifacts" storage="d:\gaterunner\si360.gaterunner.tests\bin\debug\net8.0-windows\si360.gaterunner.tests.dll" id="e5bcac40-2237-0d4e-c066-3acbc12fd55e">
      <Execution id="911f5401-c252-42a7-aba1-537bf96e7f6c" />
      <TestMethod codeBase="D:\GateRunner\SI360.GateRunner.Tests\bin\Debug\net8.0-windows\SI360.GateRunner.Tests.dll" adapterTypeName="executor://xunit/VsTestRunner3/netcore/" className="SI360.GateRunner.Tests.SecretRedactorTests" name="ProcessRunner_RedactsLiveLogsAndArtifacts" />
    </UnitTest>
    <UnitTest name="SI360.GateRunner.Tests.ProcessRunnerTests.RunAsync_WritesArtifactsForCompletedProcess" storage="d:\gaterunner\si360.gaterunner.tests\bin\debug\net8.0-windows\si360.gaterunner.tests.dll" id="a69cfc93-9ed5-bed5-5e18-045cad126d18">
      <Execution id="b8736578-74fe-4464-a4a5-842334eaf5a0" />
      <TestMethod codeBase="D:\GateRunner\SI360.GateRunner.Tests\bin\Debug\net8.0-windows\SI360.GateRunner.Tests.dll" adapterTypeName="executor://xunit/VsTestRunner3/netcore/" className="SI360.GateRunner.Tests.ProcessRunnerTests" name="RunAsync_WritesArtifactsForCompletedProcess" />
    </UnitTest>
    <UnitTest name="SI360.GateRunner.Tests.ReportWriterTests.WriteAsync_RedactsSecretsFromMarkdownAndJson" storage="d:\gaterunner\si360.gaterunner.tests\bin\debug\net8.0-windows\si360.gaterunner.tests.dll" id="1e09913d-1be4-ea6f-4da3-bb82404330a6">
      <Execution id="e9d82f4d-b199-43ec-8663-15400adebed2" />
      <TestMethod codeBase="D:\GateRunner\SI360.GateRunner.Tests\bin\Debug\net8.0-windows\SI360.GateRunner.Tests.dll" adapterTypeName="executor://xunit/VsTestRunner3/netcore/" className="SI360.GateRunner.Tests.ReportWriterTests" name="WriteAsync_RedactsSecretsFromMarkdownAndJson" />
    </UnitTest>
    <UnitTest name="SI360.GateRunner.Tests.DeploymentMetadataValidatorTests.Validate_RejectsSecretValuesAndSecretLikeFields" storage="d:\gaterunner\si360.gaterunner.tests\bin\debug\net8.0-windows\si360.gaterunner.tests.dll" id="b770f71d-0d0a-bca3-46f0-1672ace75254">
      <Execution id="9199ff49-0bf6-4f4e-9cab-c7290cd759eb" />
      <TestMethod codeBase="D:\GateRunner\SI360.GateRunner.Tests\bin\Debug\net8.0-windows\SI360.GateRunner.Tests.dll" adapterTypeName="executor://xunit/VsTestRunner3/netcore/" className="SI360.GateRunner.Tests.DeploymentMetadataValidatorTests" name="Validate_RejectsSecretValuesAndSecretLikeFields" />
    </UnitTest>
    <UnitTest name="SI360.GateRunner.Tests.DeploymentMetadataValidatorTests.LoadAndValidate_ReadsMetadataFile" storage="d:\gaterunner\si360.gaterunner.tests\bin\debug\net8.0-windows\si360.gaterunner.tests.dll" id="002d2d59-9e33-8304-f7f9-c80766298b80">
      <Execution id="9449f37c-d617-42cd-8734-46ed6be29dcd" />
      <TestMethod codeBase="D:\GateRunner\SI360.GateRunner.Tests\bin\Debug\net8.0-windows\SI360.GateRunner.Tests.dll" adapterTypeName="executor://xunit/VsTestRunner3/netcore/" className="SI360.GateRunner.Tests.DeploymentMetadataValidatorTests" name="LoadAndValidate_ReadsMetadataFile" />
    </UnitTest>
    <UnitTest name="SI360.GateRunner.Tests.DecisionPolicyTests.Decide_ReturnsHold_WhenScorePassesButAnyGateIsYellow" storage="d:\gaterunner\si360.gaterunner.tests\bin\debug\net8.0-windows\si360.gaterunner.tests.dll" id="bd5ad49f-a308-db5a-14b2-50eb08819930">
      <Execution id="13dd3b02-882d-420f-b71f-943c5e12d2ab" />
      <TestMethod codeBase="D:\GateRunner\SI360.GateRunner.Tests\bin\Debug\net8.0-windows\SI360.GateRunner.Tests.dll" adapterTypeName="executor://xunit/VsTestRunner3/netcore/" className="SI360.GateRunner.Tests.DecisionPolicyTests" name="Decide_ReturnsHold_WhenScorePassesButAnyGateIsYellow" />
    </UnitTest>
    <UnitTest name="SI360.GateRunner.Tests.GateRunnerCommandsTests.BuildAsync_BuildsSolutionWithoutRestore" storage="d:\gaterunner\si360.gaterunner.tests\bin\debug\net8.0-windows\si360.gaterunner.tests.dll" id="a4c8932d-78f7-1711-ee84-337770195869">
      <Execution id="4cb8892e-b8b3-467d-b4f6-65ebf2acd888" />
      <TestMethod codeBase="D:\GateRunner\SI360.GateRunner.Tests\bin\Debug\net8.0-windows\SI360.GateRunner.Tests.dll" adapterTypeName="executor://xunit/VsTestRunner3/netcore/" className="SI360.GateRunner.Tests.GateRunnerCommandsTests" name="BuildAsync_BuildsSolutionWithoutRestore" />
    </UnitTest>
    <UnitTest name="SI360.GateRunner.Tests.GateRunnerCommandsTests.Snapshot_MatchesCommandFactoryOutput" storage="d:\gaterunner\si360.gaterunner.tests\bin\debug\net8.0-windows\si360.gaterunner.tests.dll" id="86a806c3-008c-3494-158c-33d60ef62ffc">
      <Execution id="72427d4d-2ffd-494c-8f73-941afb64deac" />
      <TestMethod codeBase="D:\GateRunner\SI360.GateRunner.Tests\bin\Debug\net8.0-windows\SI360.GateRunner.Tests.dll" adapterTypeName="executor://xunit/VsTestRunner3/netcore/" className="SI360.GateRunner.Tests.GateRunnerCommandsTests" name="Snapshot_MatchesCommandFactoryOutput" />
    </UnitTest>
  </TestDefinitions>
  <TestEntries>
    <TestEntry testId="a69cfc93-9ed5-bed5-5e18-045cad126d18" executionId="b8736578-74fe-4464-a4a5-842334eaf5a0" testListId="8c84fa94-04c1-424b-9868-57a2d4851a1d" />
    <TestEntry testId="e5bcac40-2237-0d4e-c066-3acbc12fd55e" executionId="911f5401-c252-42a7-aba1-537bf96e7f6c" testListId="8c84fa94-04c1-424b-9868-57a2d4851a1d" />
    <TestEntry testId="a4c8932d-78f7-1711-ee84-337770195869" executionId="4cb8892e-b8b3-467d-b4f6-65ebf2acd888" testListId="8c84fa94-04c1-424b-9868-57a2d4851a1d" />
    <TestEntry testId="a2bfa92d-2574-ce2e-6b44-8feb6afef1af" executionId="7885f63b-fdc6-45bd-8dac-735d7f3bd8ef" testListId="8c84fa94-04c1-424b-9868-57a2d4851a1d" />
    <TestEntry testId="b770f71d-0d0a-bca3-46f0-1672ace75254" executionId="9199ff49-0bf6-4f4e-9cab-c7290cd759eb" testListId="8c84fa94-04c1-424b-9868-57a2d4851a1d" />
    <TestEntry testId="3eced5d3-c4d0-10c3-4c77-64ca197d1417" executionId="35c2fa5d-28b2-4383-a279-c3d860838782" testListId="8c84fa94-04c1-424b-9868-57a2d4851a1d" />
    <TestEntry testId="1e09913d-1be4-ea6f-4da3-bb82404330a6" executionId="e9d82f4d-b199-43ec-8663-15400adebed2" testListId="8c84fa94-04c1-424b-9868-57a2d4851a1d" />
    <TestEntry testId="1b6b7928-b660-48f6-d5c7-ae81f2164e53" executionId="5bc7586c-1321-427a-a800-2be8d47f1e52" testListId="8c84fa94-04c1-424b-9868-57a2d4851a1d" />
    <TestEntry testId="b99200d7-4624-dab8-0f77-52d1da46246f" executionId="eb4a4c3a-8566-4164-bea4-345d9143a586" testListId="8c84fa94-04c1-424b-9868-57a2d4851a1d" />
    <TestEntry testId="e00f6021-d598-de18-aede-4c9968af10d1" executionId="3f8831fe-5e72-4e40-b7d2-5794b04e1757" testListId="8c84fa94-04c1-424b-9868-57a2d4851a1d" />
    <TestEntry testId="8f1b24f5-0753-b595-10ac-0efcdcd844e4" executionId="39ff825b-692b-4c89-b98f-7ded7a486c1a" testListId="8c84fa94-04c1-424b-9868-57a2d4851a1d" />
    <TestEntry testId="b29d39a7-da59-f918-7964-800b7b5188f1" executionId="7e8ed0c8-9d85-4cc7-a943-eef12932e243" testListId="8c84fa94-04c1-424b-9868-57a2d4851a1d" />
    <TestEntry testId="86a806c3-008c-3494-158c-33d60ef62ffc" executionId="72427d4d-2ffd-494c-8f73-941afb64deac" testListId="8c84fa94-04c1-424b-9868-57a2d4851a1d" />
    <TestEntry testId="421d3f0a-c796-3398-1fa8-2b592e7d4f44" executionId="ce63faf7-e593-4089-881d-7296ac16e172" testListId="8c84fa94-04c1-424b-9868-57a2d4851a1d" />
    <TestEntry testId="bb197bcb-a685-15af-e079-6135eebd9628" executionId="637ce95e-87a5-46dc-ae72-cf0c8fb2d66d" testListId="8c84fa94-04c1-424b-9868-57a2d4851a1d" />
    <TestEntry testId="e17fca42-437a-68d1-0840-f851d75d6b14" executionId="9b7e1a34-2ac7-4537-a657-223d8fc654e4" testListId="8c84fa94-04c1-424b-9868-57a2d4851a1d" />
    <TestEntry testId="466bb025-5f29-c51c-5a36-4e140a2ce2cc" executionId="cf2c2705-9e28-42d4-99ab-734bd528a41e" testListId="8c84fa94-04c1-424b-9868-57a2d4851a1d" />
    <TestEntry testId="1db434c8-2f2a-9853-7f17-6b29859693db" executionId="bc9d36b5-2d72-4852-ab13-12df41339e2e" testListId="8c84fa94-04c1-424b-9868-57a2d4851a1d" />
    <TestEntry testId="d7dd4c99-154f-8ab6-56e0-8363e63caeb3" executionId="3b349f49-f55a-440e-898f-bb4bb6e7348e" testListId="8c84fa94-04c1-424b-9868-57a2d4851a1d" />
    <TestEntry testId="29114be5-55cd-6aa0-9e64-7c18eb5130ca" executionId="d67f70db-2cd6-420f-8f0c-9fa055d30cf1" testListId="8c84fa94-04c1-424b-9868-57a2d4851a1d" />
    <TestEntry testId="002d2d59-9e33-8304-f7f9-c80766298b80" executionId="9449f37c-d617-42cd-8734-46ed6be29dcd" testListId="8c84fa94-04c1-424b-9868-57a2d4851a1d" />
    <TestEntry testId="ef0c39ad-e05d-4e0f-b601-af34c65519dd" executionId="3cf90975-0203-4919-befd-e9d674d85f96" testListId="8c84fa94-04c1-424b-9868-57a2d4851a1d" />
    <TestEntry testId="c1426626-f98b-4838-49b5-97cd2f2ae64d" executionId="fb8ad79e-5ab1-4f27-8d53-c80ca0efba78" testListId="8c84fa94-04c1-424b-9868-57a2d4851a1d" />
    <TestEntry testId="25cf303c-61f7-2226-36d2-65731f09ebd4" executionId="55728113-cbb0-4942-883c-c3accef6f02b" testListId="8c84fa94-04c1-424b-9868-57a2d4851a1d" />
    <TestEntry testId="a9c81db0-9e6e-7165-c525-3e83dc3a9d57" executionId="b25925f1-7cf3-46d3-abaf-7732b520c085" testListId="8c84fa94-04c1-424b-9868-57a2d4851a1d" />
    <TestEntry testId="28901983-af4e-1a8b-9905-8626dcfb5c69" executionId="eaf87b9e-714d-464d-935a-153b839b5f48" testListId="8c84fa94-04c1-424b-9868-57a2d4851a1d" />
    <TestEntry testId="f75b1d4f-4e9b-9446-b76b-142d7f7137a2" executionId="418b655b-4383-4fd0-ac83-e1e8a10f1fba" testListId="8c84fa94-04c1-424b-9868-57a2d4851a1d" />
    <TestEntry testId="3af1a18d-e042-ff91-90ee-7632bc4d2055" executionId="52bf77e2-36ed-4975-8a26-cd23b27caac5" testListId="8c84fa94-04c1-424b-9868-57a2d4851a1d" />
    <TestEntry testId="bd5ad49f-a308-db5a-14b2-50eb08819930" executionId="13dd3b02-882d-420f-b71f-943c5e12d2ab" testListId="8c84fa94-04c1-424b-9868-57a2d4851a1d" />
    <TestEntry testId="f115d62a-bf7f-b4ad-9271-495c2d158814" executionId="26b82902-cfaf-43e7-8429-3bd33d3e8027" testListId="8c84fa94-04c1-424b-9868-57a2d4851a1d" />
  </TestEntries>
  <TestLists>
    <TestList name="Results Not in a List" id="8c84fa94-04c1-424b-9868-57a2d4851a1d" />
    <TestList name="All Loaded Results" id="19431567-8539-422a-85d7-44ee4e166bda" />
  </TestLists>
  <ResultSummary outcome="Completed">
    <Counters total="30" executed="30" passed="30" failed="0" error="0" timeout="0" aborted="0" inconclusive="0" passedButRunAborted="0" notRunnable="0" notExecuted="0" disconnected="0" warning="0" completed="0" inProgress="0" pending="0" />
    <Output>
      <StdOut>[xUnit.net 00:00:00.00] xUnit.net VSTest Adapter v3.1.5+1b188a7b0a (32-bit .NET 8.0.25)&#xD;
[xUnit.net 00:00:00.19]   Discovering: SI360.GateRunner.Tests&#xD;
[xUnit.net 00:00:00.31]   Discovered:  SI360.GateRunner.Tests&#xD;
[xUnit.net 00:00:00.36]   Starting:    SI360.GateRunner.Tests&#xD;
[xUnit.net 00:00:01.05]   Finished:    SI360.GateRunner.Tests&#xD;
</StdOut>
    </Output>
  </ResultSummary>
</TestRun>