<?xml version="1.0" encoding="utf-8"?>
<TestRun id="d3551614-e505-4244-8a11-3f05310fbc4d" name="Rolen@DESKTOP-C1UO3FR 2026-05-01 03:37:56" runUser="DESKTOP-C1UO3FR\Rolen" xmlns="http://microsoft.com/schemas/VisualStudio/TeamTest/2010">
  <Times creation="2026-05-01T03:37:56.2720233+08:00" queuing="2026-05-01T03:37:56.2720235+08:00" start="2026-05-01T03:37:52.4012912+08:00" finish="2026-05-01T03:37:57.1125350+08:00" />
  <TestSettings name="default" id="1ffad609-c71b-4345-9c10-eca44c895ca8">
    <Deployment runDeploymentRoot="Rolen_DESKTOP-C1UO3FR_2026-05-01_03_37_56" />
  </TestSettings>
  <Results>
    <UnitTestResult executionId="2e30d309-3793-4747-8eda-276120ba7c5f" testId="a69cfc93-9ed5-bed5-5e18-045cad126d18" testName="SI360.GateRunner.Tests.ProcessRunnerTests.RunAsync_WritesArtifactsForCompletedProcess" computerName="DESKTOP-C1UO3FR" duration="00:00:00.3937307" startTime="2026-05-01T03:37:56.3045413+08:00" endTime="2026-05-01T03:37:56.7622552+08:00" testType="13cdc9d9-ddb5-4fa4-a97d-d965ccfc6d4b" outcome="Passed" testListId="8c84fa94-04c1-424b-9868-57a2d4851a1d" relativeResultsDirectory="2e30d309-3793-4747-8eda-276120ba7c5f" />
    <UnitTestResult executionId="0a0d7db4-abeb-49db-aa41-89a8d45e0d23" testId="3af1a18d-e042-ff91-90ee-7632bc4d2055" testName="SI360.GateRunner.Tests.RunnerSettingsTests.Discover_FindsSolutionTestProjectAndResultsDirectoryFromCandidateRoot" computerName="DESKTOP-C1UO3FR" duration="00:00:00.0049506" startTime="2026-05-01T03:37:56.2286334+08:00" endTime="2026-05-01T03:37:56.2287771+08:00" testType="13cdc9d9-ddb5-4fa4-a97d-d965ccfc6d4b" outcome="Passed" testListId="8c84fa94-04c1-424b-9868-57a2d4851a1d" relativeResultsDirectory="0a0d7db4-abeb-49db-aa41-89a8d45e0d23" />
    <UnitTestResult executionId="91d99e5b-7936-4b30-a5ae-9a220eb07be8" testId="e5bcac40-2237-0d4e-c066-3acbc12fd55e" testName="SI360.GateRunner.Tests.SecretRedactorTests.ProcessRunner_RedactsLiveLogsAndArtifacts" computerName="DESKTOP-C1UO3FR" duration="00:00:00.5474320" startTime="2026-05-01T03:37:56.1637265+08:00" endTime="2026-05-01T03:37:56.7657427+08:00" testType="13cdc9d9-ddb5-4fa4-a97d-d965ccfc6d4b" outcome="Passed" testListId="8c84fa94-04c1-424b-9868-57a2d4851a1d" relativeResultsDirectory="91d99e5b-7936-4b30-a5ae-9a220eb07be8" />
    <UnitTestResult executionId="ceb49e89-e014-47f3-9f73-a92805df1061" testId="86a806c3-008c-3494-158c-33d60ef62ffc" testName="SI360.GateRunner.Tests.GateRunnerCommandsTests.Snapshot_MatchesCommandFactoryOutput" computerName="DESKTOP-C1UO3FR" duration="00:00:00.0056221" startTime="2026-05-01T03:37:56.6007581+08:00" endTime="2026-05-01T03:37:56.6010933+08:00" testType="13cdc9d9-ddb5-4fa4-a97d-d965ccfc6d4b" outcome="Passed" testListId="8c84fa94-04c1-424b-9868-57a2d4851a1d" relativeResultsDirectory="ceb49e89-e014-47f3-9f73-a92805df1061" />
    <UnitTestResult executionId="5d4b043c-600b-44d4-a9c0-64977606e75c" testId="b29d39a7-da59-f918-7964-800b7b5188f1" testName="SI360.GateRunner.Tests.GateRunnerCommandsTests.RestoreAsync_RestoresSolutionPath" computerName="DESKTOP-C1UO3FR" duration="00:00:00.0047877" startTime="2026-05-01T03:37:56.5832633+08:00" endTime="2026-05-01T03:37:56.6003829+08:00" testType="13cdc9d9-ddb5-4fa4-a97d-d965ccfc6d4b" outcome="Passed" testListId="8c84fa94-04c1-424b-9868-57a2d4851a1d" relativeResultsDirectory="5d4b043c-600b-44d4-a9c0-64977606e75c" />
    <UnitTestResult executionId="d142d958-4454-47a5-8d32-a9e25e71e747" testId="aefb7d5f-9507-8f36-af3a-192a4452d88b" testName="SI360.GateRunner.Tests.SyntheticProbeRunnerTests.RunAsync_ReportsProbeStatusAndRedactsEndpointDiagnostics" computerName="DESKTOP-C1UO3FR" duration="00:00:00.0178650" startTime="2026-05-01T03:37:56.2303762+08:00" endTime="2026-05-01T03:37:56.2836128+08:00" testType="13cdc9d9-ddb5-4fa4-a97d-d965ccfc6d4b" outcome="Failed" testListId="8c84fa94-04c1-424b-9868-57a2d4851a1d" relativeResultsDirectory="d142d958-4454-47a5-8d32-a9e25e71e747">
      <Output>
        <ErrorInfo>
          <Message>Assert.Contains() Failure: Filter not matched in collection&#xD;
Collection: [SyntheticProbeResult { Id = si360-hub, Name = SI360 Hub reachable, Endpoint = https://si360.example.test/hubs/orders, ContractVersion = phase-1-readonly, Status = Passed, DurationMs = 3.704, Diagnostics = HTTP 200 OK }, SyntheticProbeResult { Id = si360-health, Name = SI360 health summary, Endpoint = https://si360.example.test/hubs/orders/health, ContractVersion = phase-1-readonly, Status = Passed, DurationMs = 0.0847, Diagnostics = HTTP 200 OK }, SyntheticProbeResult { Id = tablet-registry, Name = Tablet registry read model, Endpoint = https://si360.example.test/hubs/orders/health/tablets, ContractVersion = phase-1-readonly, Status = Passed, DurationMs = 0.0143, Diagnostics = HTTP 200 OK }, SyntheticProbeResult { Id = event-ledger, Name = Event ledger endpoint, Endpoint = https://si360.example.test/hubs/orders/health/events, ContractVersion = phase-1-readonly, Status = Passed, DurationMs = 0.0076, Diagnostics = HTTP 200 OK }, SyntheticProbeResult { Id = kitchen-outbox, Name = Kitchen outbox endpoint, Endpoint = https://si360.example.test/hubs/orders/health/kitchen-outbox, ContractVersion = phase-1-readonly, Status = Passed, DurationMs = 0.0076, Diagnostics = HTTP 200 OK }, ···]</Message>
          <StackTrace>   at SI360.GateRunner.Tests.SyntheticProbeRunnerTests.RunAsync_ReportsProbeStatusAndRedactsEndpointDiagnostics() in D:\GateRunner\SI360.GateRunner.Tests\SyntheticProbeRunnerTests.cs:line 37&#xD;
--- End of stack trace from previous location ---</StackTrace>
        </ErrorInfo>
      </Output>
    </UnitTestResult>
    <UnitTestResult executionId="0f1eb45c-6f97-4efd-946a-362a30490235" testId="1b6b7928-b660-48f6-d5c7-ae81f2164e53" testName="SI360.GateRunner.Tests.GateCatalogDriftAnalyzerTests.Validate_ReportsCountDriftAndMissingEntries" computerName="DESKTOP-C1UO3FR" duration="00:00:00.0051860" startTime="2026-05-01T03:37:56.1805488+08:00" endTime="2026-05-01T03:37:56.1857209+08:00" testType="13cdc9d9-ddb5-4fa4-a97d-d965ccfc6d4b" outcome="Passed" testListId="8c84fa94-04c1-424b-9868-57a2d4851a1d" relativeResultsDirectory="0f1eb45c-6f97-4efd-946a-362a30490235" />
    <UnitTestResult executionId="cb1f2388-d733-40c1-bdbd-9deb1a1885cb" testId="65e32a25-058a-279e-02e5-30ebeed7e422" testName="SI360.GateRunner.Tests.SyntheticProbeRunnerTests.RunAsync_SkipsWhenProbeModeDisabled" computerName="DESKTOP-C1UO3FR" duration="00:00:00.0088557" startTime="2026-05-01T03:37:56.2293221+08:00" endTime="2026-05-01T03:37:56.2294558+08:00" testType="13cdc9d9-ddb5-4fa4-a97d-d965ccfc6d4b" outcome="Passed" testListId="8c84fa94-04c1-424b-9868-57a2d4851a1d" relativeResultsDirectory="cb1f2388-d733-40c1-bdbd-9deb1a1885cb" />
    <UnitTestResult executionId="6e21268f-1f8a-406b-b678-0da753722fad" testId="a4c8932d-78f7-1711-ee84-337770195869" testName="SI360.GateRunner.Tests.GateRunnerCommandsTests.BuildAsync_BuildsSolutionWithoutRestore" computerName="DESKTOP-C1UO3FR" duration="00:00:00.0042862" startTime="2026-05-01T03:37:56.6015236+08:00" endTime="2026-05-01T03:37:56.6061455+08:00" testType="13cdc9d9-ddb5-4fa4-a97d-d965ccfc6d4b" outcome="Passed" testListId="8c84fa94-04c1-424b-9868-57a2d4851a1d" relativeResultsDirectory="6e21268f-1f8a-406b-b678-0da753722fad" />
    <UnitTestResult executionId="2972e3c0-e9a6-446e-88c8-50ec8bb3088f" testId="d7dd4c99-154f-8ab6-56e0-8363e63caeb3" testName="SI360.GateRunner.Tests.DecisionPolicyTests.Decide_ReturnsNoGo_WhenBuildErrorsExist" computerName="DESKTOP-C1UO3FR" duration="00:00:00.0003634" startTime="2026-05-01T03:37:56.6038236+08:00" endTime="2026-05-01T03:37:56.6039685+08:00" testType="13cdc9d9-ddb5-4fa4-a97d-d965ccfc6d4b" outcome="Passed" testListId="8c84fa94-04c1-424b-9868-57a2d4851a1d" relativeResultsDirectory="2972e3c0-e9a6-446e-88c8-50ec8bb3088f" />
    <UnitTestResult executionId="9d8a4310-3694-4400-9480-3a1005e26571" testId="8f1b24f5-0753-b595-10ac-0efcdcd844e4" testName="SI360.GateRunner.Tests.GateCatalogDriftAnalyzerTests.DiscoverFromDirectory_FindsGateClassesAndCountsFactsAndTheories" computerName="DESKTOP-C1UO3FR" duration="00:00:00.0174117" startTime="2026-05-01T03:37:56.1864670+08:00" endTime="2026-05-01T03:37:56.2033379+08:00" testType="13cdc9d9-ddb5-4fa4-a97d-d965ccfc6d4b" outcome="Passed" testListId="8c84fa94-04c1-424b-9868-57a2d4851a1d" relativeResultsDirectory="9d8a4310-3694-4400-9480-3a1005e26571" />
    <UnitTestResult executionId="9aabd1ad-9971-4f26-b372-c0b108cb4158" testId="466bb025-5f29-c51c-5a36-4e140a2ce2cc" testName="SI360.GateRunner.Tests.RunnerSettingsTests.Validate_ReturnsActionableErrorsForInvalidConfiguration" computerName="DESKTOP-C1UO3FR" duration="00:00:00.0049394" startTime="2026-05-01T03:37:56.2270248+08:00" endTime="2026-05-01T03:37:56.2272230+08:00" testType="13cdc9d9-ddb5-4fa4-a97d-d965ccfc6d4b" outcome="Passed" testListId="8c84fa94-04c1-424b-9868-57a2d4851a1d" relativeResultsDirectory="9aabd1ad-9971-4f26-b372-c0b108cb4158" />
    <UnitTestResult executionId="61236fa8-a288-4ccb-a636-49af49565f49" testId="3eced5d3-c4d0-10c3-4c77-64ca197d1417" testName="SI360.GateRunner.Tests.SecretRedactorTests.Redact_RemovesKnownSecretPatterns(input: &quot;api_key=super-secret-token&quot;)" computerName="DESKTOP-C1UO3FR" duration="00:00:00.0002412" startTime="2026-05-01T03:37:56.7660640+08:00" endTime="2026-05-01T03:37:56.7661899+08:00" testType="13cdc9d9-ddb5-4fa4-a97d-d965ccfc6d4b" outcome="Passed" testListId="8c84fa94-04c1-424b-9868-57a2d4851a1d" relativeResultsDirectory="61236fa8-a288-4ccb-a636-49af49565f49" />
    <UnitTestResult executionId="be8df9b7-8d6d-459b-86c1-626804d3a00b" testId="25cf303c-61f7-2226-36d2-65731f09ebd4" testName="SI360.GateRunner.Tests.SecretRedactorTests.Redact_RemovesKnownSecretPatterns(input: &quot;Server=db;Password=super-secret-token;Database=SI3&quot;···)" computerName="DESKTOP-C1UO3FR" duration="00:00:00.0013385" startTime="2026-05-01T03:37:56.7664688+08:00" endTime="2026-05-01T03:37:56.7675687+08:00" testType="13cdc9d9-ddb5-4fa4-a97d-d965ccfc6d4b" outcome="Passed" testListId="8c84fa94-04c1-424b-9868-57a2d4851a1d" relativeResultsDirectory="be8df9b7-8d6d-459b-86c1-626804d3a00b" />
    <UnitTestResult executionId="1daee01c-a9b7-4ced-ae7b-fb70c7a294ef" testId="bd5ad49f-a308-db5a-14b2-50eb08819930" testName="SI360.GateRunner.Tests.DecisionPolicyTests.Decide_ReturnsHold_WhenScorePassesButAnyGateIsYellow" computerName="DESKTOP-C1UO3FR" duration="00:00:00.0099472" startTime="2026-05-01T03:37:56.6002496+08:00" endTime="2026-05-01T03:37:56.6008708+08:00" testType="13cdc9d9-ddb5-4fa4-a97d-d965ccfc6d4b" outcome="Passed" testListId="8c84fa94-04c1-424b-9868-57a2d4851a1d" relativeResultsDirectory="1daee01c-a9b7-4ced-ae7b-fb70c7a294ef" />
    <UnitTestResult executionId="e5af39eb-fc19-4095-abb2-f12a3ebea914" testId="a9c81db0-9e6e-7165-c525-3e83dc3a9d57" testName="SI360.GateRunner.Tests.DecisionPolicyTests.Decide_ReturnsHold_WhenAllGatesGreenButScoreIsBelowGoThreshold" computerName="DESKTOP-C1UO3FR" duration="00:00:00.0003642" startTime="2026-05-01T03:37:56.6016320+08:00" endTime="2026-05-01T03:37:56.6018203+08:00" testType="13cdc9d9-ddb5-4fa4-a97d-d965ccfc6d4b" outcome="Passed" testListId="8c84fa94-04c1-424b-9868-57a2d4851a1d" relativeResultsDirectory="e5af39eb-fc19-4095-abb2-f12a3ebea914" />
    <UnitTestResult executionId="e310063f-f71d-41c1-9ddc-0daf648f2616" testId="421d3f0a-c796-3398-1fa8-2b592e7d4f44" testName="SI360.GateRunner.Tests.ReportWriterTests.WriteAsync_IncludesDecisionPolicyAndCatalogWarnings" computerName="DESKTOP-C1UO3FR" duration="00:00:00.0214590" startTime="2026-05-01T03:37:56.9443154+08:00" endTime="2026-05-01T03:37:56.9671371+08:00" testType="13cdc9d9-ddb5-4fa4-a97d-d965ccfc6d4b" outcome="Passed" testListId="8c84fa94-04c1-424b-9868-57a2d4851a1d" relativeResultsDirectory="e310063f-f71d-41c1-9ddc-0daf648f2616" />
    <UnitTestResult executionId="49a80bb8-a715-4e35-a047-934a1431a0a3" testId="b770f71d-0d0a-bca3-46f0-1672ace75254" testName="SI360.GateRunner.Tests.DeploymentMetadataValidatorTests.Validate_RejectsSecretValuesAndSecretLikeFields" computerName="DESKTOP-C1UO3FR" duration="00:00:00.0160344" startTime="2026-05-01T03:37:56.0930581+08:00" endTime="2026-05-01T03:37:56.1087643+08:00" testType="13cdc9d9-ddb5-4fa4-a97d-d965ccfc6d4b" outcome="Passed" testListId="8c84fa94-04c1-424b-9868-57a2d4851a1d" relativeResultsDirectory="49a80bb8-a715-4e35-a047-934a1431a0a3" />
    <UnitTestResult executionId="f400765d-5c77-4f24-a9dd-07805750a3a3" testId="c1426626-f98b-4838-49b5-97cd2f2ae64d" testName="SI360.GateRunner.Tests.RunnerSettingsTests.ApplyEnvironmentVariables_OverridesNewConfigurationFields" computerName="DESKTOP-C1UO3FR" duration="00:00:00.0030493" startTime="2026-05-01T03:37:56.2279275+08:00" endTime="2026-05-01T03:37:56.2281766+08:00" testType="13cdc9d9-ddb5-4fa4-a97d-d965ccfc6d4b" outcome="Passed" testListId="8c84fa94-04c1-424b-9868-57a2d4851a1d" relativeResultsDirectory="f400765d-5c77-4f24-a9dd-07805750a3a3" />
    <UnitTestResult executionId="5441b279-002b-427d-b874-903ae0e63e43" testId="28901983-af4e-1a8b-9905-8626dcfb5c69" testName="SI360.GateRunner.Tests.TrxResultParserTests.Parse_ReadsFailedTestDetailsFromTrx" computerName="DESKTOP-C1UO3FR" duration="00:00:00.0654861" startTime="2026-05-01T03:37:55.9028180+08:00" endTime="2026-05-01T03:37:55.9062939+08:00" testType="13cdc9d9-ddb5-4fa4-a97d-d965ccfc6d4b" outcome="Passed" testListId="8c84fa94-04c1-424b-9868-57a2d4851a1d" relativeResultsDirectory="5441b279-002b-427d-b874-903ae0e63e43" />
    <UnitTestResult executionId="dd28f692-1df4-472f-b623-2be0b7d50caf" testId="bb197bcb-a685-15af-e079-6135eebd9628" testName="SI360.GateRunner.Tests.SecretRedactorTests.Redact_RemovesKnownSecretPatterns(input: &quot;Authorization: Bearer eyJhbGciOiJIUzI1NiJ9.secret&quot;)" computerName="DESKTOP-C1UO3FR" duration="00:00:00.0006250" startTime="2026-05-01T03:37:56.7678423+08:00" endTime="2026-05-01T03:37:56.7682856+08:00" testType="13cdc9d9-ddb5-4fa4-a97d-d965ccfc6d4b" outcome="Passed" testListId="8c84fa94-04c1-424b-9868-57a2d4851a1d" relativeResultsDirectory="dd28f692-1df4-472f-b623-2be0b7d50caf" />
    <UnitTestResult executionId="f81b40fc-cebf-427a-95de-7306db2b3754" testId="002d2d59-9e33-8304-f7f9-c80766298b80" testName="SI360.GateRunner.Tests.DeploymentMetadataValidatorTests.LoadAndValidate_ReadsMetadataFile" computerName="DESKTOP-C1UO3FR" duration="00:00:00.1559915" startTime="2026-05-01T03:37:55.9547291+08:00" endTime="2026-05-01T03:37:56.0861797+08:00" testType="13cdc9d9-ddb5-4fa4-a97d-d965ccfc6d4b" outcome="Passed" testListId="8c84fa94-04c1-424b-9868-57a2d4851a1d" relativeResultsDirectory="f81b40fc-cebf-427a-95de-7306db2b3754" />
    <UnitTestResult executionId="2d8fe3e7-86fd-4293-b9d0-ab3f1dc6cd07" testId="e00f6021-d598-de18-aede-4c9968af10d1" testName="SI360.GateRunner.Tests.DecisionPolicyTests.Decide_ReturnsNoGo_WhenAnyGateIsRed" computerName="DESKTOP-C1UO3FR" duration="00:00:00.0004558" startTime="2026-05-01T03:37:56.6032242+08:00" endTime="2026-05-01T03:37:56.6033465+08:00" testType="13cdc9d9-ddb5-4fa4-a97d-d965ccfc6d4b" outcome="Passed" testListId="8c84fa94-04c1-424b-9868-57a2d4851a1d" relativeResultsDirectory="2d8fe3e7-86fd-4293-b9d0-ab3f1dc6cd07" />
    <UnitTestResult executionId="f558f9b0-5eb7-441f-ae35-0d13a672a03c" testId="f75b1d4f-4e9b-9446-b76b-142d7f7137a2" testName="SI360.GateRunner.Tests.ProcessRunnerTests.RunAsync_ReportsTimeout" computerName="DESKTOP-C1UO3FR" duration="00:00:00.4546087" startTime="2026-05-01T03:37:55.8947204+08:00" endTime="2026-05-01T03:37:56.3036796+08:00" testType="13cdc9d9-ddb5-4fa4-a97d-d965ccfc6d4b" outcome="Passed" testListId="8c84fa94-04c1-424b-9868-57a2d4851a1d" relativeResultsDirectory="f558f9b0-5eb7-441f-ae35-0d13a672a03c" />
    <UnitTestResult executionId="59163665-c254-46ef-898d-c0db336973a2" testId="b99200d7-4624-dab8-0f77-52d1da46246f" testName="SI360.GateRunner.Tests.DecisionPolicyTests.Decide_ReturnsHold_WhenCatalogWarningsExist" computerName="DESKTOP-C1UO3FR" duration="00:00:00.0006796" startTime="2026-05-01T03:37:56.6027865+08:00" endTime="2026-05-01T03:37:56.6028970+08:00" testType="13cdc9d9-ddb5-4fa4-a97d-d965ccfc6d4b" outcome="Passed" testListId="8c84fa94-04c1-424b-9868-57a2d4851a1d" relativeResultsDirectory="59163665-c254-46ef-898d-c0db336973a2" />
    <UnitTestResult executionId="090cf32f-fd24-4e54-b4a6-3fcb9315e868" testId="ef0c39ad-e05d-4e0f-b601-af34c65519dd" testName="SI360.GateRunner.Tests.DecisionPolicyTests.Decide_ReturnsGo_WhenScoreMeetsThresholdAndAllGatesGreen" computerName="DESKTOP-C1UO3FR" duration="00:00:00.0004431" startTime="2026-05-01T03:37:56.6021422+08:00" endTime="2026-05-01T03:37:56.6024231+08:00" testType="13cdc9d9-ddb5-4fa4-a97d-d965ccfc6d4b" outcome="Passed" testListId="8c84fa94-04c1-424b-9868-57a2d4851a1d" relativeResultsDirectory="090cf32f-fd24-4e54-b4a6-3fcb9315e868" />
    <UnitTestResult executionId="ca2ce88f-c76d-4e3c-be92-11e7a0dfd9b1" testId="f115d62a-bf7f-b4ad-9271-495c2d158814" testName="SI360.GateRunner.Tests.DeploymentMetadataValidatorTests.Validate_AcceptsCompleteMetadata" computerName="DESKTOP-C1UO3FR" duration="00:00:00.0022614" startTime="2026-05-01T03:37:56.0904883+08:00" endTime="2026-05-01T03:37:56.0925910+08:00" testType="13cdc9d9-ddb5-4fa4-a97d-d965ccfc6d4b" outcome="Passed" testListId="8c84fa94-04c1-424b-9868-57a2d4851a1d" relativeResultsDirectory="ca2ce88f-c76d-4e3c-be92-11e7a0dfd9b1" />
    <UnitTestResult executionId="6867f1dd-87a8-4b5e-84fc-8efc1e448c0e" testId="e17fca42-437a-68d1-0840-f851d75d6b14" testName="SI360.GateRunner.Tests.DeploymentMetadataValidatorTests.Validate_ReportsMalformedEndpointsAndIds" computerName="DESKTOP-C1UO3FR" duration="00:00:00.0012832" startTime="2026-05-01T03:37:56.1092438+08:00" endTime="2026-05-01T03:37:56.1101996+08:00" testType="13cdc9d9-ddb5-4fa4-a97d-d965ccfc6d4b" outcome="Passed" testListId="8c84fa94-04c1-424b-9868-57a2d4851a1d" relativeResultsDirectory="6867f1dd-87a8-4b5e-84fc-8efc1e448c0e" />
    <UnitTestResult executionId="613bb128-8b8d-48b1-a21e-ae7c492a7127" testId="1db434c8-2f2a-9853-7f17-6b29859693db" testName="SI360.GateRunner.Tests.DeploymentMetadataValidatorTests.Validate_ReportsMissingRequiredFields" computerName="DESKTOP-C1UO3FR" duration="00:00:00.0038056" startTime="2026-05-01T03:37:56.0868084+08:00" endTime="2026-05-01T03:37:56.0900988+08:00" testType="13cdc9d9-ddb5-4fa4-a97d-d965ccfc6d4b" outcome="Passed" testListId="8c84fa94-04c1-424b-9868-57a2d4851a1d" relativeResultsDirectory="613bb128-8b8d-48b1-a21e-ae7c492a7127" />
    <UnitTestResult executionId="d9959edc-b976-4ed4-9d2d-3f84e685c662" testId="29114be5-55cd-6aa0-9e64-7c18eb5130ca" testName="SI360.GateRunner.Tests.SecretRedactorTests.Redact_RemovesKnownSecretPatterns(input: &quot;https://example.test/status?token=super-secret-tok&quot;···)" computerName="DESKTOP-C1UO3FR" duration="00:00:00.0000425" startTime="2026-05-01T03:37:56.7685561+08:00" endTime="2026-05-01T03:37:56.7686670+08:00" testType="13cdc9d9-ddb5-4fa4-a97d-d965ccfc6d4b" outcome="Passed" testListId="8c84fa94-04c1-424b-9868-57a2d4851a1d" relativeResultsDirectory="d9959edc-b976-4ed4-9d2d-3f84e685c662" />
    <UnitTestResult executionId="c76ef301-de07-454b-b849-3051a5da45cd" testId="701eb8fd-0932-a6c0-aadb-5097e702b514" testName="SI360.GateRunner.Tests.SyntheticProbeRunnerTests.RunAsync_SkipsWhenMetadataInvalid" computerName="DESKTOP-C1UO3FR" duration="00:00:00.0010782" startTime="2026-05-01T03:37:56.2298396+08:00" endTime="2026-05-01T03:37:56.2299782+08:00" testType="13cdc9d9-ddb5-4fa4-a97d-d965ccfc6d4b" outcome="Passed" testListId="8c84fa94-04c1-424b-9868-57a2d4851a1d" relativeResultsDirectory="c76ef301-de07-454b-b849-3051a5da45cd" />
    <UnitTestResult executionId="357a2a73-bccd-4cf1-b0a1-7cf822fa9163" testId="1e09913d-1be4-ea6f-4da3-bb82404330a6" testName="SI360.GateRunner.Tests.ReportWriterTests.WriteAsync_RedactsSecretsFromMarkdownAndJson" computerName="DESKTOP-C1UO3FR" duration="00:00:00.0855079" startTime="2026-05-01T03:37:56.8227644+08:00" endTime="2026-05-01T03:37:56.9405140+08:00" testType="13cdc9d9-ddb5-4fa4-a97d-d965ccfc6d4b" outcome="Passed" testListId="8c84fa94-04c1-424b-9868-57a2d4851a1d" relativeResultsDirectory="357a2a73-bccd-4cf1-b0a1-7cf822fa9163" />
    <UnitTestResult executionId="19568902-9511-42bd-8db7-102ef0630723" testId="a2bfa92d-2574-ce2e-6b44-8feb6afef1af" testName="SI360.GateRunner.Tests.ReportWriterTests.WriteAsync_ComparesNewRecurringAndResolvedFailures" computerName="DESKTOP-C1UO3FR" duration="00:00:00.1809944" startTime="2026-05-01T03:37:56.6058808+08:00" endTime="2026-05-01T03:37:56.8180958+08:00" testType="13cdc9d9-ddb5-4fa4-a97d-d965ccfc6d4b" outcome="Passed" testListId="8c84fa94-04c1-424b-9868-57a2d4851a1d" relativeResultsDirectory="19568902-9511-42bd-8db7-102ef0630723" />
  </Results>
  <TestDefinitions>
    <UnitTest name="SI360.GateRunner.Tests.GateRunnerCommandsTests.RestoreAsync_RestoresSolutionPath" storage="d:\gaterunner\si360.gaterunner.tests\bin\debug\net8.0-windows\si360.gaterunner.tests.dll" id="b29d39a7-da59-f918-7964-800b7b5188f1">
      <Execution id="5d4b043c-600b-44d4-a9c0-64977606e75c" />
      <TestMethod codeBase="D:\GateRunner\SI360.GateRunner.Tests\bin\Debug\net8.0-windows\SI360.GateRunner.Tests.dll" adapterTypeName="executor://xunit/VsTestRunner3/netcore/" className="SI360.GateRunner.Tests.GateRunnerCommandsTests" name="RestoreAsync_RestoresSolutionPath" />
    </UnitTest>
    <UnitTest name="SI360.GateRunner.Tests.ReportWriterTests.WriteAsync_ComparesNewRecurringAndResolvedFailures" storage="d:\gaterunner\si360.gaterunner.tests\bin\debug\net8.0-windows\si360.gaterunner.tests.dll" id="a2bfa92d-2574-ce2e-6b44-8feb6afef1af">
      <Execution id="19568902-9511-42bd-8db7-102ef0630723" />
      <TestMethod codeBase="D:\GateRunner\SI360.GateRunner.Tests\bin\Debug\net8.0-windows\SI360.GateRunner.Tests.dll" adapterTypeName="executor://xunit/VsTestRunner3/netcore/" className="SI360.GateRunner.Tests.ReportWriterTests" name="WriteAsync_ComparesNewRecurringAndResolvedFailures" />
    </UnitTest>
    <UnitTest name="SI360.GateRunner.Tests.SecretRedactorTests.Redact_RemovesKnownSecretPatterns(input: &quot;Authorization: Bearer eyJhbGciOiJIUzI1NiJ9.secret&quot;)" storage="d:\gaterunner\si360.gaterunner.tests\bin\debug\net8.0-windows\si360.gaterunner.tests.dll" id="bb197bcb-a685-15af-e079-6135eebd9628">
      <Execution id="dd28f692-1df4-472f-b623-2be0b7d50caf" />
      <TestMethod codeBase="D:\GateRunner\SI360.GateRunner.Tests\bin\Debug\net8.0-windows\SI360.GateRunner.Tests.dll" adapterTypeName="executor://xunit/VsTestRunner3/netcore/" className="SI360.GateRunner.Tests.SecretRedactorTests" name="Redact_RemovesKnownSecretPatterns" />
    </UnitTest>
    <UnitTest name="SI360.GateRunner.Tests.DeploymentMetadataValidatorTests.Validate_AcceptsCompleteMetadata" storage="d:\gaterunner\si360.gaterunner.tests\bin\debug\net8.0-windows\si360.gaterunner.tests.dll" id="f115d62a-bf7f-b4ad-9271-495c2d158814">
      <Execution id="ca2ce88f-c76d-4e3c-be92-11e7a0dfd9b1" />
      <TestMethod codeBase="D:\GateRunner\SI360.GateRunner.Tests\bin\Debug\net8.0-windows\SI360.GateRunner.Tests.dll" adapterTypeName="executor://xunit/VsTestRunner3/netcore/" className="SI360.GateRunner.Tests.DeploymentMetadataValidatorTests" name="Validate_AcceptsCompleteMetadata" />
    </UnitTest>
    <UnitTest name="SI360.GateRunner.Tests.ReportWriterTests.WriteAsync_IncludesDecisionPolicyAndCatalogWarnings" storage="d:\gaterunner\si360.gaterunner.tests\bin\debug\net8.0-windows\si360.gaterunner.tests.dll" id="421d3f0a-c796-3398-1fa8-2b592e7d4f44">
      <Execution id="e310063f-f71d-41c1-9ddc-0daf648f2616" />
      <TestMethod codeBase="D:\GateRunner\SI360.GateRunner.Tests\bin\Debug\net8.0-windows\SI360.GateRunner.Tests.dll" adapterTypeName="executor://xunit/VsTestRunner3/netcore/" className="SI360.GateRunner.Tests.ReportWriterTests" name="WriteAsync_IncludesDecisionPolicyAndCatalogWarnings" />
    </UnitTest>
    <UnitTest name="SI360.GateRunner.Tests.SyntheticProbeRunnerTests.RunAsync_SkipsWhenProbeModeDisabled" storage="d:\gaterunner\si360.gaterunner.tests\bin\debug\net8.0-windows\si360.gaterunner.tests.dll" id="65e32a25-058a-279e-02e5-30ebeed7e422">
      <Execution id="cb1f2388-d733-40c1-bdbd-9deb1a1885cb" />
      <TestMethod codeBase="D:\GateRunner\SI360.GateRunner.Tests\bin\Debug\net8.0-windows\SI360.GateRunner.Tests.dll" adapterTypeName="executor://xunit/VsTestRunner3/netcore/" className="SI360.GateRunner.Tests.SyntheticProbeRunnerTests" name="RunAsync_SkipsWhenProbeModeDisabled" />
    </UnitTest>
    <UnitTest name="SI360.GateRunner.Tests.ProcessRunnerTests.RunAsync_ReportsTimeout" storage="d:\gaterunner\si360.gaterunner.tests\bin\debug\net8.0-windows\si360.gaterunner.tests.dll" id="f75b1d4f-4e9b-9446-b76b-142d7f7137a2">
      <Execution id="f558f9b0-5eb7-441f-ae35-0d13a672a03c" />
      <TestMethod codeBase="D:\GateRunner\SI360.GateRunner.Tests\bin\Debug\net8.0-windows\SI360.GateRunner.Tests.dll" adapterTypeName="executor://xunit/VsTestRunner3/netcore/" className="SI360.GateRunner.Tests.ProcessRunnerTests" name="RunAsync_ReportsTimeout" />
    </UnitTest>
    <UnitTest name="SI360.GateRunner.Tests.SecretRedactorTests.Redact_RemovesKnownSecretPatterns(input: &quot;https://example.test/status?token=super-secret-tok&quot;···)" storage="d:\gaterunner\si360.gaterunner.tests\bin\debug\net8.0-windows\si360.gaterunner.tests.dll" id="29114be5-55cd-6aa0-9e64-7c18eb5130ca">
      <Execution id="d9959edc-b976-4ed4-9d2d-3f84e685c662" />
      <TestMethod codeBase="D:\GateRunner\SI360.GateRunner.Tests\bin\Debug\net8.0-windows\SI360.GateRunner.Tests.dll" adapterTypeName="executor://xunit/VsTestRunner3/netcore/" className="SI360.GateRunner.Tests.SecretRedactorTests" name="Redact_RemovesKnownSecretPatterns" />
    </UnitTest>
    <UnitTest name="SI360.GateRunner.Tests.DecisionPolicyTests.Decide_ReturnsNoGo_WhenBuildErrorsExist" storage="d:\gaterunner\si360.gaterunner.tests\bin\debug\net8.0-windows\si360.gaterunner.tests.dll" id="d7dd4c99-154f-8ab6-56e0-8363e63caeb3">
      <Execution id="2972e3c0-e9a6-446e-88c8-50ec8bb3088f" />
      <TestMethod codeBase="D:\GateRunner\SI360.GateRunner.Tests\bin\Debug\net8.0-windows\SI360.GateRunner.Tests.dll" adapterTypeName="executor://xunit/VsTestRunner3/netcore/" className="SI360.GateRunner.Tests.DecisionPolicyTests" name="Decide_ReturnsNoGo_WhenBuildErrorsExist" />
    </UnitTest>
    <UnitTest name="SI360.GateRunner.Tests.SyntheticProbeRunnerTests.RunAsync_ReportsProbeStatusAndRedactsEndpointDiagnostics" storage="d:\gaterunner\si360.gaterunner.tests\bin\debug\net8.0-windows\si360.gaterunner.tests.dll" id="aefb7d5f-9507-8f36-af3a-192a4452d88b">
      <Execution id="d142d958-4454-47a5-8d32-a9e25e71e747" />
      <TestMethod codeBase="D:\GateRunner\SI360.GateRunner.Tests\bin\Debug\net8.0-windows\SI360.GateRunner.Tests.dll" adapterTypeName="executor://xunit/VsTestRunner3/netcore/" className="SI360.GateRunner.Tests.SyntheticProbeRunnerTests" name="RunAsync_ReportsProbeStatusAndRedactsEndpointDiagnostics" />
    </UnitTest>
    <UnitTest name="SI360.GateRunner.Tests.GateCatalogDriftAnalyzerTests.Validate_ReportsCountDriftAndMissingEntries" storage="d:\gaterunner\si360.gaterunner.tests\bin\debug\net8.0-windows\si360.gaterunner.tests.dll" id="1b6b7928-b660-48f6-d5c7-ae81f2164e53">
      <Execution id="0f1eb45c-6f97-4efd-946a-362a30490235" />
      <TestMethod codeBase="D:\GateRunner\SI360.GateRunner.Tests\bin\Debug\net8.0-windows\SI360.GateRunner.Tests.dll" adapterTypeName="executor://xunit/VsTestRunner3/netcore/" className="SI360.GateRunner.Tests.GateCatalogDriftAnalyzerTests" name="Validate_ReportsCountDriftAndMissingEntries" />
    </UnitTest>
    <UnitTest name="SI360.GateRunner.Tests.RunnerSettingsTests.Discover_FindsSolutionTestProjectAndResultsDirectoryFromCandidateRoot" storage="d:\gaterunner\si360.gaterunner.tests\bin\debug\net8.0-windows\si360.gaterunner.tests.dll" id="3af1a18d-e042-ff91-90ee-7632bc4d2055">
      <Execution id="0a0d7db4-abeb-49db-aa41-89a8d45e0d23" />
      <TestMethod codeBase="D:\GateRunner\SI360.GateRunner.Tests\bin\Debug\net8.0-windows\SI360.GateRunner.Tests.dll" adapterTypeName="executor://xunit/VsTestRunner3/netcore/" className="SI360.GateRunner.Tests.RunnerSettingsTests" name="Discover_FindsSolutionTestProjectAndResultsDirectoryFromCandidateRoot" />
    </UnitTest>
    <UnitTest name="SI360.GateRunner.Tests.DecisionPolicyTests.Decide_ReturnsGo_WhenScoreMeetsThresholdAndAllGatesGreen" storage="d:\gaterunner\si360.gaterunner.tests\bin\debug\net8.0-windows\si360.gaterunner.tests.dll" id="ef0c39ad-e05d-4e0f-b601-af34c65519dd">
      <Execution id="090cf32f-fd24-4e54-b4a6-3fcb9315e868" />
      <TestMethod codeBase="D:\GateRunner\SI360.GateRunner.Tests\bin\Debug\net8.0-windows\SI360.GateRunner.Tests.dll" adapterTypeName="executor://xunit/VsTestRunner3/netcore/" className="SI360.GateRunner.Tests.DecisionPolicyTests" name="Decide_ReturnsGo_WhenScoreMeetsThresholdAndAllGatesGreen" />
    </UnitTest>
    <UnitTest name="SI360.GateRunner.Tests.DeploymentMetadataValidatorTests.Validate_ReportsMalformedEndpointsAndIds" storage="d:\gaterunner\si360.gaterunner.tests\bin\debug\net8.0-windows\si360.gaterunner.tests.dll" id="e17fca42-437a-68d1-0840-f851d75d6b14">
      <Execution id="6867f1dd-87a8-4b5e-84fc-8efc1e448c0e" />
      <TestMethod codeBase="D:\GateRunner\SI360.GateRunner.Tests\bin\Debug\net8.0-windows\SI360.GateRunner.Tests.dll" adapterTypeName="executor://xunit/VsTestRunner3/netcore/" className="SI360.GateRunner.Tests.DeploymentMetadataValidatorTests" name="Validate_ReportsMalformedEndpointsAndIds" />
    </UnitTest>
    <UnitTest name="SI360.GateRunner.Tests.GateCatalogDriftAnalyzerTests.DiscoverFromDirectory_FindsGateClassesAndCountsFactsAndTheories" storage="d:\gaterunner\si360.gaterunner.tests\bin\debug\net8.0-windows\si360.gaterunner.tests.dll" id="8f1b24f5-0753-b595-10ac-0efcdcd844e4">
      <Execution id="9d8a4310-3694-4400-9480-3a1005e26571" />
      <TestMethod codeBase="D:\GateRunner\SI360.GateRunner.Tests\bin\Debug\net8.0-windows\SI360.GateRunner.Tests.dll" adapterTypeName="executor://xunit/VsTestRunner3/netcore/" className="SI360.GateRunner.Tests.GateCatalogDriftAnalyzerTests" name="DiscoverFromDirectory_FindsGateClassesAndCountsFactsAndTheories" />
    </UnitTest>
    <UnitTest name="SI360.GateRunner.Tests.DecisionPolicyTests.Decide_ReturnsNoGo_WhenAnyGateIsRed" storage="d:\gaterunner\si360.gaterunner.tests\bin\debug\net8.0-windows\si360.gaterunner.tests.dll" id="e00f6021-d598-de18-aede-4c9968af10d1">
      <Execution id="2d8fe3e7-86fd-4293-b9d0-ab3f1dc6cd07" />
      <TestMethod codeBase="D:\GateRunner\SI360.GateRunner.Tests\bin\Debug\net8.0-windows\SI360.GateRunner.Tests.dll" adapterTypeName="executor://xunit/VsTestRunner3/netcore/" className="SI360.GateRunner.Tests.DecisionPolicyTests" name="Decide_ReturnsNoGo_WhenAnyGateIsRed" />
    </UnitTest>
    <UnitTest name="SI360.GateRunner.Tests.SecretRedactorTests.Redact_RemovesKnownSecretPatterns(input: &quot;api_key=super-secret-token&quot;)" storage="d:\gaterunner\si360.gaterunner.tests\bin\debug\net8.0-windows\si360.gaterunner.tests.dll" id="3eced5d3-c4d0-10c3-4c77-64ca197d1417">
      <Execution id="61236fa8-a288-4ccb-a636-49af49565f49" />
      <TestMethod codeBase="D:\GateRunner\SI360.GateRunner.Tests\bin\Debug\net8.0-windows\SI360.GateRunner.Tests.dll" adapterTypeName="executor://xunit/VsTestRunner3/netcore/" className="SI360.GateRunner.Tests.SecretRedactorTests" name="Redact_RemovesKnownSecretPatterns" />
    </UnitTest>
    <UnitTest name="SI360.GateRunner.Tests.DecisionPolicyTests.Decide_ReturnsHold_WhenAllGatesGreenButScoreIsBelowGoThreshold" storage="d:\gaterunner\si360.gaterunner.tests\bin\debug\net8.0-windows\si360.gaterunner.tests.dll" id="a9c81db0-9e6e-7165-c525-3e83dc3a9d57">
      <Execution id="e5af39eb-fc19-4095-abb2-f12a3ebea914" />
      <TestMethod codeBase="D:\GateRunner\SI360.GateRunner.Tests\bin\Debug\net8.0-windows\SI360.GateRunner.Tests.dll" adapterTypeName="executor://xunit/VsTestRunner3/netcore/" className="SI360.GateRunner.Tests.DecisionPolicyTests" name="Decide_ReturnsHold_WhenAllGatesGreenButScoreIsBelowGoThreshold" />
    </UnitTest>
    <UnitTest name="SI360.GateRunner.Tests.RunnerSettingsTests.Validate_ReturnsActionableErrorsForInvalidConfiguration" storage="d:\gaterunner\si360.gaterunner.tests\bin\debug\net8.0-windows\si360.gaterunner.tests.dll" id="466bb025-5f29-c51c-5a36-4e140a2ce2cc">
      <Execution id="9aabd1ad-9971-4f26-b372-c0b108cb4158" />
      <TestMethod codeBase="D:\GateRunner\SI360.GateRunner.Tests\bin\Debug\net8.0-windows\SI360.GateRunner.Tests.dll" adapterTypeName="executor://xunit/VsTestRunner3/netcore/" className="SI360.GateRunner.Tests.RunnerSettingsTests" name="Validate_ReturnsActionableErrorsForInvalidConfiguration" />
    </UnitTest>
    <UnitTest name="SI360.GateRunner.Tests.RunnerSettingsTests.ApplyEnvironmentVariables_OverridesNewConfigurationFields" storage="d:\gaterunner\si360.gaterunner.tests\bin\debug\net8.0-windows\si360.gaterunner.tests.dll" id="c1426626-f98b-4838-49b5-97cd2f2ae64d">
      <Execution id="f400765d-5c77-4f24-a9dd-07805750a3a3" />
      <TestMethod codeBase="D:\GateRunner\SI360.GateRunner.Tests\bin\Debug\net8.0-windows\SI360.GateRunner.Tests.dll" adapterTypeName="executor://xunit/VsTestRunner3/netcore/" className="SI360.GateRunner.Tests.RunnerSettingsTests" name="ApplyEnvironmentVariables_OverridesNewConfigurationFields" />
    </UnitTest>
    <UnitTest name="SI360.GateRunner.Tests.TrxResultParserTests.Parse_ReadsFailedTestDetailsFromTrx" storage="d:\gaterunner\si360.gaterunner.tests\bin\debug\net8.0-windows\si360.gaterunner.tests.dll" id="28901983-af4e-1a8b-9905-8626dcfb5c69">
      <Execution id="5441b279-002b-427d-b874-903ae0e63e43" />
      <TestMethod codeBase="D:\GateRunner\SI360.GateRunner.Tests\bin\Debug\net8.0-windows\SI360.GateRunner.Tests.dll" adapterTypeName="executor://xunit/VsTestRunner3/netcore/" className="SI360.GateRunner.Tests.TrxResultParserTests" name="Parse_ReadsFailedTestDetailsFromTrx" />
    </UnitTest>
    <UnitTest name="SI360.GateRunner.Tests.SyntheticProbeRunnerTests.RunAsync_SkipsWhenMetadataInvalid" storage="d:\gaterunner\si360.gaterunner.tests\bin\debug\net8.0-windows\si360.gaterunner.tests.dll" id="701eb8fd-0932-a6c0-aadb-5097e702b514">
      <Execution id="c76ef301-de07-454b-b849-3051a5da45cd" />
      <TestMethod codeBase="D:\GateRunner\SI360.GateRunner.Tests\bin\Debug\net8.0-windows\SI360.GateRunner.Tests.dll" adapterTypeName="executor://xunit/VsTestRunner3/netcore/" className="SI360.GateRunner.Tests.SyntheticProbeRunnerTests" name="RunAsync_SkipsWhenMetadataInvalid" />
    </UnitTest>
    <UnitTest name="SI360.GateRunner.Tests.SecretRedactorTests.Redact_RemovesKnownSecretPatterns(input: &quot;Server=db;Password=super-secret-token;Database=SI3&quot;···)" storage="d:\gaterunner\si360.gaterunner.tests\bin\debug\net8.0-windows\si360.gaterunner.tests.dll" id="25cf303c-61f7-2226-36d2-65731f09ebd4">
      <Execution id="be8df9b7-8d6d-459b-86c1-626804d3a00b" />
      <TestMethod codeBase="D:\GateRunner\SI360.GateRunner.Tests\bin\Debug\net8.0-windows\SI360.GateRunner.Tests.dll" adapterTypeName="executor://xunit/VsTestRunner3/netcore/" className="SI360.GateRunner.Tests.SecretRedactorTests" name="Redact_RemovesKnownSecretPatterns" />
    </UnitTest>
    <UnitTest name="SI360.GateRunner.Tests.DeploymentMetadataValidatorTests.Validate_ReportsMissingRequiredFields" storage="d:\gaterunner\si360.gaterunner.tests\bin\debug\net8.0-windows\si360.gaterunner.tests.dll" id="1db434c8-2f2a-9853-7f17-6b29859693db">
      <Execution id="613bb128-8b8d-48b1-a21e-ae7c492a7127" />
      <TestMethod codeBase="D:\GateRunner\SI360.GateRunner.Tests\bin\Debug\net8.0-windows\SI360.GateRunner.Tests.dll" adapterTypeName="executor://xunit/VsTestRunner3/netcore/" className="SI360.GateRunner.Tests.DeploymentMetadataValidatorTests" name="Validate_ReportsMissingRequiredFields" />
    </UnitTest>
    <UnitTest name="SI360.GateRunner.Tests.DecisionPolicyTests.Decide_ReturnsHold_WhenCatalogWarningsExist" storage="d:\gaterunner\si360.gaterunner.tests\bin\debug\net8.0-windows\si360.gaterunner.tests.dll" id="b99200d7-4624-dab8-0f77-52d1da46246f">
      <Execution id="59163665-c254-46ef-898d-c0db336973a2" />
      <TestMethod codeBase="D:\GateRunner\SI360.GateRunner.Tests\bin\Debug\net8.0-windows\SI360.GateRunner.Tests.dll" adapterTypeName="executor://xunit/VsTestRunner3/netcore/" className="SI360.GateRunner.Tests.DecisionPolicyTests" name="Decide_ReturnsHold_WhenCatalogWarningsExist" />
    </UnitTest>
    <UnitTest name="SI360.GateRunner.Tests.SecretRedactorTests.ProcessRunner_RedactsLiveLogsAndArtifacts" storage="d:\gaterunner\si360.gaterunner.tests\bin\debug\net8.0-windows\si360.gaterunner.tests.dll" id="e5bcac40-2237-0d4e-c066-3acbc12fd55e">
      <Execution id="91d99e5b-7936-4b30-a5ae-9a220eb07be8" />
      <TestMethod codeBase="D:\GateRunner\SI360.GateRunner.Tests\bin\Debug\net8.0-windows\SI360.GateRunner.Tests.dll" adapterTypeName="executor://xunit/VsTestRunner3/netcore/" className="SI360.GateRunner.Tests.SecretRedactorTests" name="ProcessRunner_RedactsLiveLogsAndArtifacts" />
    </UnitTest>
    <UnitTest name="SI360.GateRunner.Tests.ProcessRunnerTests.RunAsync_WritesArtifactsForCompletedProcess" storage="d:\gaterunner\si360.gaterunner.tests\bin\debug\net8.0-windows\si360.gaterunner.tests.dll" id="a69cfc93-9ed5-bed5-5e18-045cad126d18">
      <Execution id="2e30d309-3793-4747-8eda-276120ba7c5f" />
      <TestMethod codeBase="D:\GateRunner\SI360.GateRunner.Tests\bin\Debug\net8.0-windows\SI360.GateRunner.Tests.dll" adapterTypeName="executor://xunit/VsTestRunner3/netcore/" className="SI360.GateRunner.Tests.ProcessRunnerTests" name="RunAsync_WritesArtifactsForCompletedProcess" />
    </UnitTest>
    <UnitTest name="SI360.GateRunner.Tests.ReportWriterTests.WriteAsync_RedactsSecretsFromMarkdownAndJson" storage="d:\gaterunner\si360.gaterunner.tests\bin\debug\net8.0-windows\si360.gaterunner.tests.dll" id="1e09913d-1be4-ea6f-4da3-bb82404330a6">
      <Execution id="357a2a73-bccd-4cf1-b0a1-7cf822fa9163" />
      <TestMethod codeBase="D:\GateRunner\SI360.GateRunner.Tests\bin\Debug\net8.0-windows\SI360.GateRunner.Tests.dll" adapterTypeName="executor://xunit/VsTestRunner3/netcore/" className="SI360.GateRunner.Tests.ReportWriterTests" name="WriteAsync_RedactsSecretsFromMarkdownAndJson" />
    </UnitTest>
    <UnitTest name="SI360.GateRunner.Tests.DeploymentMetadataValidatorTests.Validate_RejectsSecretValuesAndSecretLikeFields" storage="d:\gaterunner\si360.gaterunner.tests\bin\debug\net8.0-windows\si360.gaterunner.tests.dll" id="b770f71d-0d0a-bca3-46f0-1672ace75254">
      <Execution id="49a80bb8-a715-4e35-a047-934a1431a0a3" />
      <TestMethod codeBase="D:\GateRunner\SI360.GateRunner.Tests\bin\Debug\net8.0-windows\SI360.GateRunner.Tests.dll" adapterTypeName="executor://xunit/VsTestRunner3/netcore/" className="SI360.GateRunner.Tests.DeploymentMetadataValidatorTests" name="Validate_RejectsSecretValuesAndSecretLikeFields" />
    </UnitTest>
    <UnitTest name="SI360.GateRunner.Tests.DeploymentMetadataValidatorTests.LoadAndValidate_ReadsMetadataFile" storage="d:\gaterunner\si360.gaterunner.tests\bin\debug\net8.0-windows\si360.gaterunner.tests.dll" id="002d2d59-9e33-8304-f7f9-c80766298b80">
      <Execution id="f81b40fc-cebf-427a-95de-7306db2b3754" />
      <TestMethod codeBase="D:\GateRunner\SI360.GateRunner.Tests\bin\Debug\net8.0-windows\SI360.GateRunner.Tests.dll" adapterTypeName="executor://xunit/VsTestRunner3/netcore/" className="SI360.GateRunner.Tests.DeploymentMetadataValidatorTests" name="LoadAndValidate_ReadsMetadataFile" />
    </UnitTest>
    <UnitTest name="SI360.GateRunner.Tests.DecisionPolicyTests.Decide_ReturnsHold_WhenScorePassesButAnyGateIsYellow" storage="d:\gaterunner\si360.gaterunner.tests\bin\debug\net8.0-windows\si360.gaterunner.tests.dll" id="bd5ad49f-a308-db5a-14b2-50eb08819930">
      <Execution id="1daee01c-a9b7-4ced-ae7b-fb70c7a294ef" />
      <TestMethod codeBase="D:\GateRunner\SI360.GateRunner.Tests\bin\Debug\net8.0-windows\SI360.GateRunner.Tests.dll" adapterTypeName="executor://xunit/VsTestRunner3/netcore/" className="SI360.GateRunner.Tests.DecisionPolicyTests" name="Decide_ReturnsHold_WhenScorePassesButAnyGateIsYellow" />
    </UnitTest>
    <UnitTest name="SI360.GateRunner.Tests.GateRunnerCommandsTests.BuildAsync_BuildsSolutionWithoutRestore" storage="d:\gaterunner\si360.gaterunner.tests\bin\debug\net8.0-windows\si360.gaterunner.tests.dll" id="a4c8932d-78f7-1711-ee84-337770195869">
      <Execution id="6e21268f-1f8a-406b-b678-0da753722fad" />
      <TestMethod codeBase="D:\GateRunner\SI360.GateRunner.Tests\bin\Debug\net8.0-windows\SI360.GateRunner.Tests.dll" adapterTypeName="executor://xunit/VsTestRunner3/netcore/" className="SI360.GateRunner.Tests.GateRunnerCommandsTests" name="BuildAsync_BuildsSolutionWithoutRestore" />
    </UnitTest>
    <UnitTest name="SI360.GateRunner.Tests.GateRunnerCommandsTests.Snapshot_MatchesCommandFactoryOutput" storage="d:\gaterunner\si360.gaterunner.tests\bin\debug\net8.0-windows\si360.gaterunner.tests.dll" id="86a806c3-008c-3494-158c-33d60ef62ffc">
      <Execution id="ceb49e89-e014-47f3-9f73-a92805df1061" />
      <TestMethod codeBase="D:\GateRunner\SI360.GateRunner.Tests\bin\Debug\net8.0-windows\SI360.GateRunner.Tests.dll" adapterTypeName="executor://xunit/VsTestRunner3/netcore/" className="SI360.GateRunner.Tests.GateRunnerCommandsTests" name="Snapshot_MatchesCommandFactoryOutput" />
    </UnitTest>
  </TestDefinitions>
  <TestEntries>
    <TestEntry testId="a69cfc93-9ed5-bed5-5e18-045cad126d18" executionId="2e30d309-3793-4747-8eda-276120ba7c5f" testListId="8c84fa94-04c1-424b-9868-57a2d4851a1d" />
    <TestEntry testId="3af1a18d-e042-ff91-90ee-7632bc4d2055" executionId="0a0d7db4-abeb-49db-aa41-89a8d45e0d23" testListId="8c84fa94-04c1-424b-9868-57a2d4851a1d" />
    <TestEntry testId="e5bcac40-2237-0d4e-c066-3acbc12fd55e" executionId="91d99e5b-7936-4b30-a5ae-9a220eb07be8" testListId="8c84fa94-04c1-424b-9868-57a2d4851a1d" />
    <TestEntry testId="86a806c3-008c-3494-158c-33d60ef62ffc" executionId="ceb49e89-e014-47f3-9f73-a92805df1061" testListId="8c84fa94-04c1-424b-9868-57a2d4851a1d" />
    <TestEntry testId="b29d39a7-da59-f918-7964-800b7b5188f1" executionId="5d4b043c-600b-44d4-a9c0-64977606e75c" testListId="8c84fa94-04c1-424b-9868-57a2d4851a1d" />
    <TestEntry testId="aefb7d5f-9507-8f36-af3a-192a4452d88b" executionId="d142d958-4454-47a5-8d32-a9e25e71e747" testListId="8c84fa94-04c1-424b-9868-57a2d4851a1d" />
    <TestEntry testId="1b6b7928-b660-48f6-d5c7-ae81f2164e53" executionId="0f1eb45c-6f97-4efd-946a-362a30490235" testListId="8c84fa94-04c1-424b-9868-57a2d4851a1d" />
    <TestEntry testId="65e32a25-058a-279e-02e5-30ebeed7e422" executionId="cb1f2388-d733-40c1-bdbd-9deb1a1885cb" testListId="8c84fa94-04c1-424b-9868-57a2d4851a1d" />
    <TestEntry testId="a4c8932d-78f7-1711-ee84-337770195869" executionId="6e21268f-1f8a-406b-b678-0da753722fad" testListId="8c84fa94-04c1-424b-9868-57a2d4851a1d" />
    <TestEntry testId="d7dd4c99-154f-8ab6-56e0-8363e63caeb3" executionId="2972e3c0-e9a6-446e-88c8-50ec8bb3088f" testListId="8c84fa94-04c1-424b-9868-57a2d4851a1d" />
    <TestEntry testId="8f1b24f5-0753-b595-10ac-0efcdcd844e4" executionId="9d8a4310-3694-4400-9480-3a1005e26571" testListId="8c84fa94-04c1-424b-9868-57a2d4851a1d" />
    <TestEntry testId="466bb025-5f29-c51c-5a36-4e140a2ce2cc" executionId="9aabd1ad-9971-4f26-b372-c0b108cb4158" testListId="8c84fa94-04c1-424b-9868-57a2d4851a1d" />
    <TestEntry testId="3eced5d3-c4d0-10c3-4c77-64ca197d1417" executionId="61236fa8-a288-4ccb-a636-49af49565f49" testListId="8c84fa94-04c1-424b-9868-57a2d4851a1d" />
    <TestEntry testId="25cf303c-61f7-2226-36d2-65731f09ebd4" executionId="be8df9b7-8d6d-459b-86c1-626804d3a00b" testListId="8c84fa94-04c1-424b-9868-57a2d4851a1d" />
    <TestEntry testId="bd5ad49f-a308-db5a-14b2-50eb08819930" executionId="1daee01c-a9b7-4ced-ae7b-fb70c7a294ef" testListId="8c84fa94-04c1-424b-9868-57a2d4851a1d" />
    <TestEntry testId="a9c81db0-9e6e-7165-c525-3e83dc3a9d57" executionId="e5af39eb-fc19-4095-abb2-f12a3ebea914" testListId="8c84fa94-04c1-424b-9868-57a2d4851a1d" />
    <TestEntry testId="421d3f0a-c796-3398-1fa8-2b592e7d4f44" executionId="e310063f-f71d-41c1-9ddc-0daf648f2616" testListId="8c84fa94-04c1-424b-9868-57a2d4851a1d" />
    <TestEntry testId="b770f71d-0d0a-bca3-46f0-1672ace75254" executionId="49a80bb8-a715-4e35-a047-934a1431a0a3" testListId="8c84fa94-04c1-424b-9868-57a2d4851a1d" />
    <TestEntry testId="c1426626-f98b-4838-49b5-97cd2f2ae64d" executionId="f400765d-5c77-4f24-a9dd-07805750a3a3" testListId="8c84fa94-04c1-424b-9868-57a2d4851a1d" />
    <TestEntry testId="28901983-af4e-1a8b-9905-8626dcfb5c69" executionId="5441b279-002b-427d-b874-903ae0e63e43" testListId="8c84fa94-04c1-424b-9868-57a2d4851a1d" />
    <TestEntry testId="bb197bcb-a685-15af-e079-6135eebd9628" executionId="dd28f692-1df4-472f-b623-2be0b7d50caf" testListId="8c84fa94-04c1-424b-9868-57a2d4851a1d" />
    <TestEntry testId="002d2d59-9e33-8304-f7f9-c80766298b80" executionId="f81b40fc-cebf-427a-95de-7306db2b3754" testListId="8c84fa94-04c1-424b-9868-57a2d4851a1d" />
    <TestEntry testId="e00f6021-d598-de18-aede-4c9968af10d1" executionId="2d8fe3e7-86fd-4293-b9d0-ab3f1dc6cd07" testListId="8c84fa94-04c1-424b-9868-57a2d4851a1d" />
    <TestEntry testId="f75b1d4f-4e9b-9446-b76b-142d7f7137a2" executionId="f558f9b0-5eb7-441f-ae35-0d13a672a03c" testListId="8c84fa94-04c1-424b-9868-57a2d4851a1d" />
    <TestEntry testId="b99200d7-4624-dab8-0f77-52d1da46246f" executionId="59163665-c254-46ef-898d-c0db336973a2" testListId="8c84fa94-04c1-424b-9868-57a2d4851a1d" />
    <TestEntry testId="ef0c39ad-e05d-4e0f-b601-af34c65519dd" executionId="090cf32f-fd24-4e54-b4a6-3fcb9315e868" testListId="8c84fa94-04c1-424b-9868-57a2d4851a1d" />
    <TestEntry testId="f115d62a-bf7f-b4ad-9271-495c2d158814" executionId="ca2ce88f-c76d-4e3c-be92-11e7a0dfd9b1" testListId="8c84fa94-04c1-424b-9868-57a2d4851a1d" />
    <TestEntry testId="e17fca42-437a-68d1-0840-f851d75d6b14" executionId="6867f1dd-87a8-4b5e-84fc-8efc1e448c0e" testListId="8c84fa94-04c1-424b-9868-57a2d4851a1d" />
    <TestEntry testId="1db434c8-2f2a-9853-7f17-6b29859693db" executionId="613bb128-8b8d-48b1-a21e-ae7c492a7127" testListId="8c84fa94-04c1-424b-9868-57a2d4851a1d" />
    <TestEntry testId="29114be5-55cd-6aa0-9e64-7c18eb5130ca" executionId="d9959edc-b976-4ed4-9d2d-3f84e685c662" testListId="8c84fa94-04c1-424b-9868-57a2d4851a1d" />
    <TestEntry testId="701eb8fd-0932-a6c0-aadb-5097e702b514" executionId="c76ef301-de07-454b-b849-3051a5da45cd" testListId="8c84fa94-04c1-424b-9868-57a2d4851a1d" />
    <TestEntry testId="1e09913d-1be4-ea6f-4da3-bb82404330a6" executionId="357a2a73-bccd-4cf1-b0a1-7cf822fa9163" testListId="8c84fa94-04c1-424b-9868-57a2d4851a1d" />
    <TestEntry testId="a2bfa92d-2574-ce2e-6b44-8feb6afef1af" executionId="19568902-9511-42bd-8db7-102ef0630723" testListId="8c84fa94-04c1-424b-9868-57a2d4851a1d" />
  </TestEntries>
  <TestLists>
    <TestList name="Results Not in a List" id="8c84fa94-04c1-424b-9868-57a2d4851a1d" />
    <TestList name="All Loaded Results" id="19431567-8539-422a-85d7-44ee4e166bda" />
  </TestLists>
  <ResultSummary outcome="Failed">
    <Counters total="33" executed="33" passed="32" failed="1" error="0" timeout="0" aborted="0" inconclusive="0" passedButRunAborted="0" notRunnable="0" notExecuted="0" disconnected="0" warning="0" completed="0" inProgress="0" pending="0" />
    <Output>
      <StdOut>[xUnit.net 00:00:00.01] xUnit.net VSTest Adapter v3.1.5+1b188a7b0a (32-bit .NET 8.0.25)&#xD;
[xUnit.net 00:00:01.67]   Discovering: SI360.GateRunner.Tests&#xD;
[xUnit.net 00:00:01.92]   Discovered:  SI360.GateRunner.Tests&#xD;
[xUnit.net 00:00:02.00]   Starting:    SI360.GateRunner.Tests&#xD;
[xUnit.net 00:00:02.57]       Assert.Contains() Failure: Filter not matched in collection&#xD;
[xUnit.net 00:00:02.57]       Collection: [SyntheticProbeResult { Id = si360-hub, Name = SI360 Hub reachable, Endpoint = https://si360.example.test/hubs/orders, ContractVersion = phase-1-readonly, Status = Passed, DurationMs = 3.704, Diagnostics = HTTP 200 OK }, SyntheticProbeResult { Id = si360-health, Name = SI360 health summary, Endpoint = https://si360.example.test/hubs/orders/health, ContractVersion = phase-1-readonly, Status = Passed, DurationMs = 0.0847, Diagnostics = HTTP 200 OK }, SyntheticProbeResult { Id = tablet-registry, Name = Tablet registry read model, Endpoint = https://si360.example.test/hubs/orders/health/tablets, ContractVersion = phase-1-readonly, Status = Passed, DurationMs = 0.0143, Diagnostics = HTTP 200 OK }, SyntheticProbeResult { Id = event-ledger, Name = Event ledger endpoint, Endpoint = https://si360.example.test/hubs/orders/health/events, ContractVersion = phase-1-readonly, Status = Passed, DurationMs = 0.0076, Diagnostics = HTTP 200 OK }, SyntheticProbeResult { Id = kitchen-outbox, Name = Kitchen outbox endpoint, Endpoint = https://si360.example.test/hubs/orders/health/kitchen-outbox, ContractVersion = phase-1-readonly, Status = Passed, DurationMs = 0.0076, Diagnostics = HTTP 200 OK }, ···]&#xD;
[xUnit.net 00:00:02.57]       Stack Trace:&#xD;
[xUnit.net 00:00:02.57]         D:\GateRunner\SI360.GateRunner.Tests\SyntheticProbeRunnerTests.cs(37,0): at SI360.GateRunner.Tests.SyntheticProbeRunnerTests.RunAsync_ReportsProbeStatusAndRedactsEndpointDiagnostics()&#xD;
[xUnit.net 00:00:02.57]         --- End of stack trace from previous location ---&#xD;
[xUnit.net 00:00:03.25]   Finished:    SI360.GateRunner.Tests&#xD;
</StdOut>
    </Output>
    <RunInfos>
      <RunInfo computerName="DESKTOP-C1UO3FR" outcome="Error" timestamp="2026-05-01T03:37:56.2940384+08:00">
        <Text>[xUnit.net 00:00:02.57]     SI360.GateRunner.Tests.SyntheticProbeRunnerTests.RunAsync_ReportsProbeStatusAndRedactsEndpointDiagnostics [FAIL]</Text>
      </RunInfo>
    </RunInfos>
  </ResultSummary>
</TestRun>