<?xml version="1.0" encoding="utf-8"?>
<TestRun id="1e7af79f-73c4-4c30-9b44-82a902e7334d" name="Rolen@DESKTOP-C1UO3FR 2026-05-01 19:51:32" runUser="DESKTOP-C1UO3FR\Rolen" xmlns="http://microsoft.com/schemas/VisualStudio/TeamTest/2010">
  <Times creation="2026-05-01T19:51:32.7911499+08:00" queuing="2026-05-01T19:51:32.7911501+08:00" start="2026-05-01T19:51:23.9463921+08:00" finish="2026-05-01T19:51:34.0561425+08:00" />
  <TestSettings name="default" id="1962636c-e21e-4872-949b-7a173f35d28a">
    <Deployment runDeploymentRoot="Rolen_DESKTOP-C1UO3FR_2026-05-01_19_51_32" />
  </TestSettings>
  <Results>
    <UnitTestResult executionId="e1d03342-bf3b-4775-8e95-76ae3dd3a6a3" testId="8f1b24f5-0753-b595-10ac-0efcdcd844e4" testName="SI360.GateRunner.Tests.GateCatalogDriftAnalyzerTests.DiscoverFromDirectory_FindsGateClassesAndCountsFactsAndTheories" computerName="DESKTOP-C1UO3FR" duration="00:00:00.0264532" startTime="2026-05-01T19:51:32.8701515+08:00" endTime="2026-05-01T19:51:32.8935550+08:00" testType="13cdc9d9-ddb5-4fa4-a97d-d965ccfc6d4b" outcome="Passed" testListId="8c84fa94-04c1-424b-9868-57a2d4851a1d" relativeResultsDirectory="e1d03342-bf3b-4775-8e95-76ae3dd3a6a3" />
    <UnitTestResult executionId="9d026124-9e71-4303-8e21-5bfbb931ccb1" testId="3af1a18d-e042-ff91-90ee-7632bc4d2055" testName="SI360.GateRunner.Tests.RunnerSettingsTests.Discover_FindsSolutionTestProjectAndResultsDirectoryFromCandidateRoot" computerName="DESKTOP-C1UO3FR" duration="00:00:00.0071837" startTime="2026-05-01T19:51:32.8987069+08:00" endTime="2026-05-01T19:51:32.9055292+08:00" testType="13cdc9d9-ddb5-4fa4-a97d-d965ccfc6d4b" outcome="Passed" testListId="8c84fa94-04c1-424b-9868-57a2d4851a1d" relativeResultsDirectory="9d026124-9e71-4303-8e21-5bfbb931ccb1" />
    <UnitTestResult executionId="ec5ef375-2eda-4605-af5f-c1a92a6427cf" testId="b29d39a7-da59-f918-7964-800b7b5188f1" testName="SI360.GateRunner.Tests.GateRunnerCommandsTests.RestoreAsync_RestoresSolutionPath" computerName="DESKTOP-C1UO3FR" duration="00:00:00.0050958" startTime="2026-05-01T19:51:32.5230216+08:00" endTime="2026-05-01T19:51:32.5231850+08:00" testType="13cdc9d9-ddb5-4fa4-a97d-d965ccfc6d4b" outcome="Passed" testListId="8c84fa94-04c1-424b-9868-57a2d4851a1d" relativeResultsDirectory="ec5ef375-2eda-4605-af5f-c1a92a6427cf" />
    <UnitTestResult executionId="f7909589-2387-489d-ad37-84871d558b86" testId="ef0c39ad-e05d-4e0f-b601-af34c65519dd" testName="SI360.GateRunner.Tests.DecisionPolicyTests.Decide_ReturnsGo_WhenScoreMeetsThresholdAndAllGatesGreen" computerName="DESKTOP-C1UO3FR" duration="00:00:00.0005637" startTime="2026-05-01T19:51:32.8496808+08:00" endTime="2026-05-01T19:51:32.8498453+08:00" testType="13cdc9d9-ddb5-4fa4-a97d-d965ccfc6d4b" outcome="Passed" testListId="8c84fa94-04c1-424b-9868-57a2d4851a1d" relativeResultsDirectory="f7909589-2387-489d-ad37-84871d558b86" />
    <UnitTestResult executionId="f081d9ed-06d7-45af-b380-ec4ebea09206" testId="f27e3ab1-0bbe-4813-716c-f16b8f2b553d" testName="SI360.GateRunner.Tests.GateRunnerCommandsTests.BuildAsync_CapturesWarningsAndErrorsAsQualityIssues" computerName="DESKTOP-C1UO3FR" duration="00:00:00.1361824" startTime="2026-05-01T19:51:32.4334860+08:00" endTime="2026-05-01T19:51:32.5223402+08:00" testType="13cdc9d9-ddb5-4fa4-a97d-d965ccfc6d4b" outcome="Passed" testListId="8c84fa94-04c1-424b-9868-57a2d4851a1d" relativeResultsDirectory="f081d9ed-06d7-45af-b380-ec4ebea09206" />
    <UnitTestResult executionId="fdf1f271-fe95-4d5a-ba4a-a8aa59c95e63" testId="1e09913d-1be4-ea6f-4da3-bb82404330a6" testName="SI360.GateRunner.Tests.ReportWriterTests.WriteAsync_RedactsSecretsFromMarkdownAndJson" computerName="DESKTOP-C1UO3FR" duration="00:00:00.0809472" startTime="2026-05-01T19:51:33.3860745+08:00" endTime="2026-05-01T19:51:33.4691700+08:00" testType="13cdc9d9-ddb5-4fa4-a97d-d965ccfc6d4b" outcome="Passed" testListId="8c84fa94-04c1-424b-9868-57a2d4851a1d" relativeResultsDirectory="fdf1f271-fe95-4d5a-ba4a-a8aa59c95e63" />
    <UnitTestResult executionId="69265821-6247-468d-a660-6a7c4da581d9" testId="65e32a25-058a-279e-02e5-30ebeed7e422" testName="SI360.GateRunner.Tests.SyntheticProbeRunnerTests.RunAsync_SkipsWhenProbeModeDisabled" computerName="DESKTOP-C1UO3FR" duration="00:00:00.0266609" startTime="2026-05-01T19:51:32.4372977+08:00" endTime="2026-05-01T19:51:32.4387896+08:00" testType="13cdc9d9-ddb5-4fa4-a97d-d965ccfc6d4b" outcome="Passed" testListId="8c84fa94-04c1-424b-9868-57a2d4851a1d" relativeResultsDirectory="69265821-6247-468d-a660-6a7c4da581d9" />
    <UnitTestResult executionId="b6e034d0-865e-4020-9651-39e10f867e4e" testId="1db434c8-2f2a-9853-7f17-6b29859693db" testName="SI360.GateRunner.Tests.DeploymentMetadataValidatorTests.Validate_ReportsMissingRequiredFields" computerName="DESKTOP-C1UO3FR" duration="00:00:00.0012454" startTime="2026-05-01T19:51:32.8458241+08:00" endTime="2026-05-01T19:51:32.8459325+08:00" testType="13cdc9d9-ddb5-4fa4-a97d-d965ccfc6d4b" outcome="Passed" testListId="8c84fa94-04c1-424b-9868-57a2d4851a1d" relativeResultsDirectory="b6e034d0-865e-4020-9651-39e10f867e4e" />
    <UnitTestResult executionId="d8aaa48c-39a9-4361-a5ac-89838df1f31e" testId="466bb025-5f29-c51c-5a36-4e140a2ce2cc" testName="SI360.GateRunner.Tests.RunnerSettingsTests.Validate_ReturnsActionableErrorsForInvalidConfiguration" computerName="DESKTOP-C1UO3FR" duration="00:00:00.0022079" startTime="2026-05-01T19:51:32.8942107+08:00" endTime="2026-05-01T19:51:32.8963798+08:00" testType="13cdc9d9-ddb5-4fa4-a97d-d965ccfc6d4b" outcome="Passed" testListId="8c84fa94-04c1-424b-9868-57a2d4851a1d" relativeResultsDirectory="d8aaa48c-39a9-4361-a5ac-89838df1f31e" />
    <UnitTestResult executionId="bbf7e51b-6469-4437-b287-cda78cef70fc" testId="a2bfa92d-2574-ce2e-6b44-8feb6afef1af" testName="SI360.GateRunner.Tests.ReportWriterTests.WriteAsync_ComparesNewRecurringAndResolvedFailures" computerName="DESKTOP-C1UO3FR" duration="00:00:00.3924596" startTime="2026-05-01T19:51:32.7540081+08:00" endTime="2026-05-01T19:51:33.1153201+08:00" testType="13cdc9d9-ddb5-4fa4-a97d-d965ccfc6d4b" outcome="Passed" testListId="8c84fa94-04c1-424b-9868-57a2d4851a1d" relativeResultsDirectory="bbf7e51b-6469-4437-b287-cda78cef70fc" />
    <UnitTestResult executionId="9f320d67-22dd-4a01-8bf5-00ca259e4cc2" testId="bb197bcb-a685-15af-e079-6135eebd9628" testName="SI360.GateRunner.Tests.SecretRedactorTests.Redact_RemovesKnownSecretPatterns(input: &quot;Authorization: Bearer eyJhbGciOiJIUzI1NiJ9.secret&quot;)" computerName="DESKTOP-C1UO3FR" duration="00:00:00.0051537" startTime="2026-05-01T19:51:33.2901090+08:00" endTime="2026-05-01T19:51:33.2952173+08:00" testType="13cdc9d9-ddb5-4fa4-a97d-d965ccfc6d4b" outcome="Passed" testListId="8c84fa94-04c1-424b-9868-57a2d4851a1d" relativeResultsDirectory="9f320d67-22dd-4a01-8bf5-00ca259e4cc2" />
    <UnitTestResult executionId="f079b589-fce9-40e7-aefb-17257e3be46c" testId="a69cfc93-9ed5-bed5-5e18-045cad126d18" testName="SI360.GateRunner.Tests.ProcessRunnerTests.RunAsync_WritesArtifactsForCompletedProcess" computerName="DESKTOP-C1UO3FR" duration="00:00:00.2699111" startTime="2026-05-01T19:51:32.9581463+08:00" endTime="2026-05-01T19:51:33.2285889+08:00" testType="13cdc9d9-ddb5-4fa4-a97d-d965ccfc6d4b" outcome="Passed" testListId="8c84fa94-04c1-424b-9868-57a2d4851a1d" relativeResultsDirectory="f079b589-fce9-40e7-aefb-17257e3be46c" />
    <UnitTestResult executionId="41dadbd2-b29f-445f-9276-66bc514bdb72" testId="3eced5d3-c4d0-10c3-4c77-64ca197d1417" testName="SI360.GateRunner.Tests.SecretRedactorTests.Redact_RemovesKnownSecretPatterns(input: &quot;api_key=super-secret-token&quot;)" computerName="DESKTOP-C1UO3FR" duration="00:00:00.0002279" startTime="2026-05-01T19:51:33.2668869+08:00" endTime="2026-05-01T19:51:33.2673097+08:00" testType="13cdc9d9-ddb5-4fa4-a97d-d965ccfc6d4b" outcome="Passed" testListId="8c84fa94-04c1-424b-9868-57a2d4851a1d" relativeResultsDirectory="41dadbd2-b29f-445f-9276-66bc514bdb72" />
    <UnitTestResult executionId="3079637d-2584-48e7-be5c-83f1f98c96e4" testId="a4c8932d-78f7-1711-ee84-337770195869" testName="SI360.GateRunner.Tests.GateRunnerCommandsTests.BuildAsync_BuildsSolutionWithoutRestore" computerName="DESKTOP-C1UO3FR" duration="00:00:00.0025325" startTime="2026-05-01T19:51:32.5326428+08:00" endTime="2026-05-01T19:51:32.5349716+08:00" testType="13cdc9d9-ddb5-4fa4-a97d-d965ccfc6d4b" outcome="Passed" testListId="8c84fa94-04c1-424b-9868-57a2d4851a1d" relativeResultsDirectory="3079637d-2584-48e7-be5c-83f1f98c96e4" />
    <UnitTestResult executionId="b53a30e7-2e2e-40e0-a380-5af97a963e89" testId="1b6b7928-b660-48f6-d5c7-ae81f2164e53" testName="SI360.GateRunner.Tests.GateCatalogDriftAnalyzerTests.Validate_ReportsCountDriftAndMissingEntries" computerName="DESKTOP-C1UO3FR" duration="00:00:00.0125095" startTime="2026-05-01T19:51:32.8623905+08:00" endTime="2026-05-01T19:51:32.8676789+08:00" testType="13cdc9d9-ddb5-4fa4-a97d-d965ccfc6d4b" outcome="Passed" testListId="8c84fa94-04c1-424b-9868-57a2d4851a1d" relativeResultsDirectory="b53a30e7-2e2e-40e0-a380-5af97a963e89" />
    <UnitTestResult executionId="f9e73aa8-1376-4d4f-9d70-a58fef74be1c" testId="b99200d7-4624-dab8-0f77-52d1da46246f" testName="SI360.GateRunner.Tests.DecisionPolicyTests.Decide_ReturnsHold_WhenCatalogWarningsExist" computerName="DESKTOP-C1UO3FR" duration="00:00:00.0006528" startTime="2026-05-01T19:51:32.8589911+08:00" endTime="2026-05-01T19:51:32.8591362+08:00" testType="13cdc9d9-ddb5-4fa4-a97d-d965ccfc6d4b" outcome="Passed" testListId="8c84fa94-04c1-424b-9868-57a2d4851a1d" relativeResultsDirectory="f9e73aa8-1376-4d4f-9d70-a58fef74be1c" />
    <UnitTestResult executionId="819f0bc3-1e5b-4f5a-b4d4-c343d32d6fd6" testId="86a806c3-008c-3494-158c-33d60ef62ffc" testName="SI360.GateRunner.Tests.GateRunnerCommandsTests.Snapshot_MatchesCommandFactoryOutput" computerName="DESKTOP-C1UO3FR" duration="00:00:00.0089897" startTime="2026-05-01T19:51:32.5236077+08:00" endTime="2026-05-01T19:51:32.5323216+08:00" testType="13cdc9d9-ddb5-4fa4-a97d-d965ccfc6d4b" outcome="Passed" testListId="8c84fa94-04c1-424b-9868-57a2d4851a1d" relativeResultsDirectory="819f0bc3-1e5b-4f5a-b4d4-c343d32d6fd6" />
    <UnitTestResult executionId="eef9177f-0597-485a-8a73-4a99df6c5f6f" testId="94da6005-2a68-71ff-fd76-cc8a31df085f" testName="SI360.GateRunner.Tests.ReportWriterTests.WriteAsync_IncludesRuntimeReadinessMetadataAndProbes" computerName="DESKTOP-C1UO3FR" duration="00:00:00.0878511" startTime="2026-05-01T19:51:33.2958405+08:00" endTime="2026-05-01T19:51:33.3854963+08:00" testType="13cdc9d9-ddb5-4fa4-a97d-d965ccfc6d4b" outcome="Passed" testListId="8c84fa94-04c1-424b-9868-57a2d4851a1d" relativeResultsDirectory="eef9177f-0597-485a-8a73-4a99df6c5f6f" />
    <UnitTestResult executionId="b25cdc99-0dc8-408c-a31c-6c9037b1f971" testId="e5bcac40-2237-0d4e-c066-3acbc12fd55e" testName="SI360.GateRunner.Tests.SecretRedactorTests.ProcessRunner_RedactsLiveLogsAndArtifacts" computerName="DESKTOP-C1UO3FR" duration="00:00:00.4137628" startTime="2026-05-01T19:51:32.8621189+08:00" endTime="2026-05-01T19:51:33.2664896+08:00" testType="13cdc9d9-ddb5-4fa4-a97d-d965ccfc6d4b" outcome="Passed" testListId="8c84fa94-04c1-424b-9868-57a2d4851a1d" relativeResultsDirectory="b25cdc99-0dc8-408c-a31c-6c9037b1f971" />
    <UnitTestResult executionId="4ec8a951-c619-4b6d-ae59-7074c08316a0" testId="28901983-af4e-1a8b-9905-8626dcfb5c69" testName="SI360.GateRunner.Tests.TrxResultParserTests.Parse_ReadsFailedTestDetailsFromTrx" computerName="DESKTOP-C1UO3FR" duration="00:00:00.0387633" startTime="2026-05-01T19:51:33.0395642+08:00" endTime="2026-05-01T19:51:33.0734223+08:00" testType="13cdc9d9-ddb5-4fa4-a97d-d965ccfc6d4b" outcome="Passed" testListId="8c84fa94-04c1-424b-9868-57a2d4851a1d" relativeResultsDirectory="4ec8a951-c619-4b6d-ae59-7074c08316a0" />
    <UnitTestResult executionId="e74abff2-f8a8-4916-8932-6fab4a7bab44" testId="c1426626-f98b-4838-49b5-97cd2f2ae64d" testName="SI360.GateRunner.Tests.RunnerSettingsTests.ApplyEnvironmentVariables_OverridesNewConfigurationFields" computerName="DESKTOP-C1UO3FR" duration="00:00:00.0016905" startTime="2026-05-01T19:51:32.8968545+08:00" endTime="2026-05-01T19:51:32.8982169+08:00" testType="13cdc9d9-ddb5-4fa4-a97d-d965ccfc6d4b" outcome="Passed" testListId="8c84fa94-04c1-424b-9868-57a2d4851a1d" relativeResultsDirectory="e74abff2-f8a8-4916-8932-6fab4a7bab44" />
    <UnitTestResult executionId="369cbbbc-2adc-47de-b58f-fb213b2bf821" testId="4b5ceb6d-89c0-a7f5-da1f-76566e0d3abd" testName="SI360.GateRunner.Tests.DecisionPolicyTests.Decide_ReturnsNoGo_WhenRuntimeReadinessIsNotReady" computerName="DESKTOP-C1UO3FR" duration="00:00:00.0046434" startTime="2026-05-01T19:51:32.8604867+08:00" endTime="2026-05-01T19:51:32.8612508+08:00" testType="13cdc9d9-ddb5-4fa4-a97d-d965ccfc6d4b" outcome="Passed" testListId="8c84fa94-04c1-424b-9868-57a2d4851a1d" relativeResultsDirectory="369cbbbc-2adc-47de-b58f-fb213b2bf821" />
    <UnitTestResult executionId="faf2c759-367f-4493-8e29-ef30f7213046" testId="a9c81db0-9e6e-7165-c525-3e83dc3a9d57" testName="SI360.GateRunner.Tests.DecisionPolicyTests.Decide_ReturnsHold_WhenAllGatesGreenButScoreIsBelowGoThreshold" computerName="DESKTOP-C1UO3FR" duration="00:00:00.0004526" startTime="2026-05-01T19:51:32.8475158+08:00" endTime="2026-05-01T19:51:32.8477598+08:00" testType="13cdc9d9-ddb5-4fa4-a97d-d965ccfc6d4b" outcome="Passed" testListId="8c84fa94-04c1-424b-9868-57a2d4851a1d" relativeResultsDirectory="faf2c759-367f-4493-8e29-ef30f7213046" />
    <UnitTestResult executionId="d78ccc54-de0a-4704-9672-5fa69373439a" testId="7a41f742-79a2-96e4-4e20-d599b64304a6" testName="SI360.GateRunner.Tests.ReportRetentionPrunerTests.Prune_DeletesOnlyExpiredGateRunEntries" computerName="DESKTOP-C1UO3FR" duration="00:00:00.1765183" startTime="2026-05-01T19:51:32.5221694+08:00" endTime="2026-05-01T19:51:32.6822613+08:00" testType="13cdc9d9-ddb5-4fa4-a97d-d965ccfc6d4b" outcome="Passed" testListId="8c84fa94-04c1-424b-9868-57a2d4851a1d" relativeResultsDirectory="d78ccc54-de0a-4704-9672-5fa69373439a" />
    <UnitTestResult executionId="6abc052e-2388-44f6-b199-42f75e8ba77a" testId="002d2d59-9e33-8304-f7f9-c80766298b80" testName="SI360.GateRunner.Tests.DeploymentMetadataValidatorTests.LoadAndValidate_ReadsMetadataFile" computerName="DESKTOP-C1UO3FR" duration="00:00:00.1236577" startTime="2026-05-01T19:51:32.7538364+08:00" endTime="2026-05-01T19:51:32.8454627+08:00" testType="13cdc9d9-ddb5-4fa4-a97d-d965ccfc6d4b" outcome="Passed" testListId="8c84fa94-04c1-424b-9868-57a2d4851a1d" relativeResultsDirectory="6abc052e-2388-44f6-b199-42f75e8ba77a" />
    <UnitTestResult executionId="528582de-9d27-4170-a0b0-8fd0de5ebfec" testId="29114be5-55cd-6aa0-9e64-7c18eb5130ca" testName="SI360.GateRunner.Tests.SecretRedactorTests.Redact_RemovesKnownSecretPatterns(input: &quot;https://example.test/status?token=super-secret-tok&quot;···)" computerName="DESKTOP-C1UO3FR" duration="00:00:00.0000301" startTime="2026-05-01T19:51:33.2954131+08:00" endTime="2026-05-01T19:51:33.2955137+08:00" testType="13cdc9d9-ddb5-4fa4-a97d-d965ccfc6d4b" outcome="Passed" testListId="8c84fa94-04c1-424b-9868-57a2d4851a1d" relativeResultsDirectory="528582de-9d27-4170-a0b0-8fd0de5ebfec" />
    <UnitTestResult executionId="01747e56-838c-4a7d-96b0-95962b24b229" testId="421d3f0a-c796-3398-1fa8-2b592e7d4f44" testName="SI360.GateRunner.Tests.ReportWriterTests.WriteAsync_IncludesDecisionPolicyAndCatalogWarnings" computerName="DESKTOP-C1UO3FR" duration="00:00:00.4657793" startTime="2026-05-01T19:51:33.4709137+08:00" endTime="2026-05-01T19:51:33.9364261+08:00" testType="13cdc9d9-ddb5-4fa4-a97d-d965ccfc6d4b" outcome="Passed" testListId="8c84fa94-04c1-424b-9868-57a2d4851a1d" relativeResultsDirectory="01747e56-838c-4a7d-96b0-95962b24b229" />
    <UnitTestResult executionId="65c160ec-f545-4e45-b4cb-7e02e6a75959" testId="b770f71d-0d0a-bca3-46f0-1672ace75254" testName="SI360.GateRunner.Tests.DeploymentMetadataValidatorTests.Validate_RejectsSecretValuesAndSecretLikeFields" computerName="DESKTOP-C1UO3FR" duration="00:00:00.0083969" startTime="2026-05-01T19:51:32.8474581+08:00" endTime="2026-05-01T19:51:32.8605780+08:00" testType="13cdc9d9-ddb5-4fa4-a97d-d965ccfc6d4b" outcome="Passed" testListId="8c84fa94-04c1-424b-9868-57a2d4851a1d" relativeResultsDirectory="65c160ec-f545-4e45-b4cb-7e02e6a75959" />
    <UnitTestResult executionId="f0e673b5-92ed-477f-b70e-7180fd7debc8" testId="bd5ad49f-a308-db5a-14b2-50eb08819930" testName="SI360.GateRunner.Tests.DecisionPolicyTests.Decide_ReturnsHold_WhenScorePassesButAnyGateIsYellow" computerName="DESKTOP-C1UO3FR" duration="00:00:00.0308060" startTime="2026-05-01T19:51:32.8079757+08:00" endTime="2026-05-01T19:51:32.8463368+08:00" testType="13cdc9d9-ddb5-4fa4-a97d-d965ccfc6d4b" outcome="Passed" testListId="8c84fa94-04c1-424b-9868-57a2d4851a1d" relativeResultsDirectory="f0e673b5-92ed-477f-b70e-7180fd7debc8" />
    <UnitTestResult executionId="2f6f61f8-ac36-4e88-8df0-e26f8778efd2" testId="f115d62a-bf7f-b4ad-9271-495c2d158814" testName="SI360.GateRunner.Tests.DeploymentMetadataValidatorTests.Validate_AcceptsCompleteMetadata" computerName="DESKTOP-C1UO3FR" duration="00:00:00.0024654" startTime="2026-05-01T19:51:32.8462313+08:00" endTime="2026-05-01T19:51:32.8464174+08:00" testType="13cdc9d9-ddb5-4fa4-a97d-d965ccfc6d4b" outcome="Passed" testListId="8c84fa94-04c1-424b-9868-57a2d4851a1d" relativeResultsDirectory="2f6f61f8-ac36-4e88-8df0-e26f8778efd2" />
    <UnitTestResult executionId="98f63175-8b1a-4aa6-94c1-005931d0912b" testId="63acd814-0e94-b4cc-5bb0-4081f5c634fb" testName="SI360.GateRunner.Tests.ReportWriterTests.WriteAsync_IncludesQualityIssuesAndGradingImpacts" computerName="DESKTOP-C1UO3FR" duration="00:00:00.1775456" startTime="2026-05-01T19:51:33.1167984+08:00" endTime="2026-05-01T19:51:33.2949961+08:00" testType="13cdc9d9-ddb5-4fa4-a97d-d965ccfc6d4b" outcome="Passed" testListId="8c84fa94-04c1-424b-9868-57a2d4851a1d" relativeResultsDirectory="98f63175-8b1a-4aa6-94c1-005931d0912b" />
    <UnitTestResult executionId="637f0ce9-c1a7-4b4b-a6fd-0eab806dbb8c" testId="aefb7d5f-9507-8f36-af3a-192a4452d88b" testName="SI360.GateRunner.Tests.SyntheticProbeRunnerTests.RunAsync_ReportsProbeStatusAndRedactsEndpointDiagnostics" computerName="DESKTOP-C1UO3FR" duration="00:00:00.0742597" startTime="2026-05-01T19:51:32.5182469+08:00" endTime="2026-05-01T19:51:32.5184075+08:00" testType="13cdc9d9-ddb5-4fa4-a97d-d965ccfc6d4b" outcome="Passed" testListId="8c84fa94-04c1-424b-9868-57a2d4851a1d" relativeResultsDirectory="637f0ce9-c1a7-4b4b-a6fd-0eab806dbb8c" />
    <UnitTestResult executionId="6881d617-2f1a-4664-af87-e242bf6cedd1" testId="701eb8fd-0932-a6c0-aadb-5097e702b514" testName="SI360.GateRunner.Tests.SyntheticProbeRunnerTests.RunAsync_SkipsWhenMetadataInvalid" computerName="DESKTOP-C1UO3FR" duration="00:00:00.0080599" startTime="2026-05-01T19:51:32.5172424+08:00" endTime="2026-05-01T19:51:32.5175228+08:00" testType="13cdc9d9-ddb5-4fa4-a97d-d965ccfc6d4b" outcome="Passed" testListId="8c84fa94-04c1-424b-9868-57a2d4851a1d" relativeResultsDirectory="6881d617-2f1a-4664-af87-e242bf6cedd1" />
    <UnitTestResult executionId="67a8ac4e-1179-41e8-b52a-78cc2d74e099" testId="9e57d6eb-82a9-dc35-1243-4147386ed772" testName="SI360.GateRunner.Tests.DecisionPolicyTests.Decide_ReturnsHold_WhenRuntimeReadinessIsUnknown" computerName="DESKTOP-C1UO3FR" duration="00:00:00.0003390" startTime="2026-05-01T19:51:32.8615414+08:00" endTime="2026-05-01T19:51:32.8616897+08:00" testType="13cdc9d9-ddb5-4fa4-a97d-d965ccfc6d4b" outcome="Passed" testListId="8c84fa94-04c1-424b-9868-57a2d4851a1d" relativeResultsDirectory="67a8ac4e-1179-41e8-b52a-78cc2d74e099" />
    <UnitTestResult executionId="db7c6979-3fd5-46b1-a535-24ccf451f3be" testId="d7dd4c99-154f-8ab6-56e0-8363e63caeb3" testName="SI360.GateRunner.Tests.DecisionPolicyTests.Decide_ReturnsNoGo_WhenBuildErrorsExist" computerName="DESKTOP-C1UO3FR" duration="00:00:00.0007981" startTime="2026-05-01T19:51:32.8600833+08:00" endTime="2026-05-01T19:51:32.8601824+08:00" testType="13cdc9d9-ddb5-4fa4-a97d-d965ccfc6d4b" outcome="Passed" testListId="8c84fa94-04c1-424b-9868-57a2d4851a1d" relativeResultsDirectory="db7c6979-3fd5-46b1-a535-24ccf451f3be" />
    <UnitTestResult executionId="7bd27d49-f06b-45d0-9fd5-35e117ce1746" testId="f75b1d4f-4e9b-9446-b76b-142d7f7137a2" testName="SI360.GateRunner.Tests.ProcessRunnerTests.RunAsync_ReportsTimeout" computerName="DESKTOP-C1UO3FR" duration="00:00:00.5043588" startTime="2026-05-01T19:51:32.4371998+08:00" endTime="2026-05-01T19:51:32.9536490+08:00" testType="13cdc9d9-ddb5-4fa4-a97d-d965ccfc6d4b" outcome="Passed" testListId="8c84fa94-04c1-424b-9868-57a2d4851a1d" relativeResultsDirectory="7bd27d49-f06b-45d0-9fd5-35e117ce1746" />
    <UnitTestResult executionId="22daec67-9601-410e-ad40-5cfa04e18fe9" testId="e00f6021-d598-de18-aede-4c9968af10d1" testName="SI360.GateRunner.Tests.DecisionPolicyTests.Decide_ReturnsNoGo_WhenAnyGateIsRed" computerName="DESKTOP-C1UO3FR" duration="00:00:00.0004941" startTime="2026-05-01T19:51:32.8596303+08:00" endTime="2026-05-01T19:51:32.8597532+08:00" testType="13cdc9d9-ddb5-4fa4-a97d-d965ccfc6d4b" outcome="Passed" testListId="8c84fa94-04c1-424b-9868-57a2d4851a1d" relativeResultsDirectory="22daec67-9601-410e-ad40-5cfa04e18fe9" />
    <UnitTestResult executionId="798cc750-c5eb-4949-9d51-33609cd0a904" testId="7ff8e1e4-de77-331f-5ef6-5c1ae0a069cd" testName="SI360.GateRunner.Tests.SupportBundleExporterTests.Export_PackagesReportsArtifactsMetadataAndProbes" computerName="DESKTOP-C1UO3FR" duration="00:00:00.1283294" startTime="2026-05-01T19:51:32.9062029+08:00" endTime="2026-05-01T19:51:33.0390540+08:00" testType="13cdc9d9-ddb5-4fa4-a97d-d965ccfc6d4b" outcome="Passed" testListId="8c84fa94-04c1-424b-9868-57a2d4851a1d" relativeResultsDirectory="798cc750-c5eb-4949-9d51-33609cd0a904" />
    <UnitTestResult executionId="ff10174d-33af-4287-b8ec-bea4116d6619" testId="e17fca42-437a-68d1-0840-f851d75d6b14" testName="SI360.GateRunner.Tests.DeploymentMetadataValidatorTests.Validate_ReportsMalformedEndpointsAndIds" computerName="DESKTOP-C1UO3FR" duration="00:00:00.0012885" startTime="2026-05-01T19:51:32.8608736+08:00" endTime="2026-05-01T19:51:32.8610101+08:00" testType="13cdc9d9-ddb5-4fa4-a97d-d965ccfc6d4b" outcome="Passed" testListId="8c84fa94-04c1-424b-9868-57a2d4851a1d" relativeResultsDirectory="ff10174d-33af-4287-b8ec-bea4116d6619" />
    <UnitTestResult executionId="daef2119-bdb1-4502-a77b-bbb2abf4f991" testId="25cf303c-61f7-2226-36d2-65731f09ebd4" testName="SI360.GateRunner.Tests.SecretRedactorTests.Redact_RemovesKnownSecretPatterns(input: &quot;Server=db;Password=super-secret-token;Database=SI3&quot;···)" computerName="DESKTOP-C1UO3FR" duration="00:00:00.0219118" startTime="2026-05-01T19:51:33.2677314+08:00" endTime="2026-05-01T19:51:33.2897813+08:00" testType="13cdc9d9-ddb5-4fa4-a97d-d965ccfc6d4b" outcome="Passed" testListId="8c84fa94-04c1-424b-9868-57a2d4851a1d" relativeResultsDirectory="daef2119-bdb1-4502-a77b-bbb2abf4f991" />
    <UnitTestResult executionId="7fea35f5-ff5b-42f2-9439-9af2754061a9" testId="cbbe7d7d-5063-35a5-ac3b-41d2f786657e" testName="SI360.GateRunner.Tests.DecisionPolicyTests.Decide_ReturnsHold_WhenBuildWarningExists" computerName="DESKTOP-C1UO3FR" duration="00:00:00.0014825" startTime="2026-05-01T19:51:32.8484612+08:00" endTime="2026-05-01T19:51:32.8487636+08:00" testType="13cdc9d9-ddb5-4fa4-a97d-d965ccfc6d4b" outcome="Passed" testListId="8c84fa94-04c1-424b-9868-57a2d4851a1d" relativeResultsDirectory="7fea35f5-ff5b-42f2-9439-9af2754061a9" />
  </Results>
  <TestDefinitions>
    <UnitTest name="SI360.GateRunner.Tests.SupportBundleExporterTests.Export_PackagesReportsArtifactsMetadataAndProbes" storage="d:\gaterunner\si360.gaterunner.tests\bin\release\net8.0-windows\si360.gaterunner.tests.dll" id="7ff8e1e4-de77-331f-5ef6-5c1ae0a069cd">
      <Execution id="798cc750-c5eb-4949-9d51-33609cd0a904" />
      <TestMethod codeBase="D:\GateRunner\SI360.GateRunner.Tests\bin\Release\net8.0-windows\SI360.GateRunner.Tests.dll" adapterTypeName="executor://xunit/VsTestRunner3/netcore/" className="SI360.GateRunner.Tests.SupportBundleExporterTests" name="Export_PackagesReportsArtifactsMetadataAndProbes" />
    </UnitTest>
    <UnitTest name="SI360.GateRunner.Tests.GateRunnerCommandsTests.BuildAsync_CapturesWarningsAndErrorsAsQualityIssues" storage="d:\gaterunner\si360.gaterunner.tests\bin\release\net8.0-windows\si360.gaterunner.tests.dll" id="f27e3ab1-0bbe-4813-716c-f16b8f2b553d">
      <Execution id="f081d9ed-06d7-45af-b380-ec4ebea09206" />
      <TestMethod codeBase="D:\GateRunner\SI360.GateRunner.Tests\bin\Release\net8.0-windows\SI360.GateRunner.Tests.dll" adapterTypeName="executor://xunit/VsTestRunner3/netcore/" className="SI360.GateRunner.Tests.GateRunnerCommandsTests" name="BuildAsync_CapturesWarningsAndErrorsAsQualityIssues" />
    </UnitTest>
    <UnitTest name="SI360.GateRunner.Tests.GateRunnerCommandsTests.RestoreAsync_RestoresSolutionPath" storage="d:\gaterunner\si360.gaterunner.tests\bin\release\net8.0-windows\si360.gaterunner.tests.dll" id="b29d39a7-da59-f918-7964-800b7b5188f1">
      <Execution id="ec5ef375-2eda-4605-af5f-c1a92a6427cf" />
      <TestMethod codeBase="D:\GateRunner\SI360.GateRunner.Tests\bin\Release\net8.0-windows\SI360.GateRunner.Tests.dll" adapterTypeName="executor://xunit/VsTestRunner3/netcore/" className="SI360.GateRunner.Tests.GateRunnerCommandsTests" name="RestoreAsync_RestoresSolutionPath" />
    </UnitTest>
    <UnitTest name="SI360.GateRunner.Tests.SecretRedactorTests.Redact_RemovesKnownSecretPatterns(input: &quot;Authorization: Bearer eyJhbGciOiJIUzI1NiJ9.secret&quot;)" storage="d:\gaterunner\si360.gaterunner.tests\bin\release\net8.0-windows\si360.gaterunner.tests.dll" id="bb197bcb-a685-15af-e079-6135eebd9628">
      <Execution id="9f320d67-22dd-4a01-8bf5-00ca259e4cc2" />
      <TestMethod codeBase="D:\GateRunner\SI360.GateRunner.Tests\bin\Release\net8.0-windows\SI360.GateRunner.Tests.dll" adapterTypeName="executor://xunit/VsTestRunner3/netcore/" className="SI360.GateRunner.Tests.SecretRedactorTests" name="Redact_RemovesKnownSecretPatterns" />
    </UnitTest>
    <UnitTest name="SI360.GateRunner.Tests.ReportWriterTests.WriteAsync_ComparesNewRecurringAndResolvedFailures" storage="d:\gaterunner\si360.gaterunner.tests\bin\release\net8.0-windows\si360.gaterunner.tests.dll" id="a2bfa92d-2574-ce2e-6b44-8feb6afef1af">
      <Execution id="bbf7e51b-6469-4437-b287-cda78cef70fc" />
      <TestMethod codeBase="D:\GateRunner\SI360.GateRunner.Tests\bin\Release\net8.0-windows\SI360.GateRunner.Tests.dll" adapterTypeName="executor://xunit/VsTestRunner3/netcore/" className="SI360.GateRunner.Tests.ReportWriterTests" name="WriteAsync_ComparesNewRecurringAndResolvedFailures" />
    </UnitTest>
    <UnitTest name="SI360.GateRunner.Tests.DecisionPolicyTests.Decide_ReturnsNoGo_WhenRuntimeReadinessIsNotReady" storage="d:\gaterunner\si360.gaterunner.tests\bin\release\net8.0-windows\si360.gaterunner.tests.dll" id="4b5ceb6d-89c0-a7f5-da1f-76566e0d3abd">
      <Execution id="369cbbbc-2adc-47de-b58f-fb213b2bf821" />
      <TestMethod codeBase="D:\GateRunner\SI360.GateRunner.Tests\bin\Release\net8.0-windows\SI360.GateRunner.Tests.dll" adapterTypeName="executor://xunit/VsTestRunner3/netcore/" className="SI360.GateRunner.Tests.DecisionPolicyTests" name="Decide_ReturnsNoGo_WhenRuntimeReadinessIsNotReady" />
    </UnitTest>
    <UnitTest name="SI360.GateRunner.Tests.DeploymentMetadataValidatorTests.Validate_AcceptsCompleteMetadata" storage="d:\gaterunner\si360.gaterunner.tests\bin\release\net8.0-windows\si360.gaterunner.tests.dll" id="f115d62a-bf7f-b4ad-9271-495c2d158814">
      <Execution id="2f6f61f8-ac36-4e88-8df0-e26f8778efd2" />
      <TestMethod codeBase="D:\GateRunner\SI360.GateRunner.Tests\bin\Release\net8.0-windows\SI360.GateRunner.Tests.dll" adapterTypeName="executor://xunit/VsTestRunner3/netcore/" className="SI360.GateRunner.Tests.DeploymentMetadataValidatorTests" name="Validate_AcceptsCompleteMetadata" />
    </UnitTest>
    <UnitTest name="SI360.GateRunner.Tests.ReportWriterTests.WriteAsync_IncludesDecisionPolicyAndCatalogWarnings" storage="d:\gaterunner\si360.gaterunner.tests\bin\release\net8.0-windows\si360.gaterunner.tests.dll" id="421d3f0a-c796-3398-1fa8-2b592e7d4f44">
      <Execution id="01747e56-838c-4a7d-96b0-95962b24b229" />
      <TestMethod codeBase="D:\GateRunner\SI360.GateRunner.Tests\bin\Release\net8.0-windows\SI360.GateRunner.Tests.dll" adapterTypeName="executor://xunit/VsTestRunner3/netcore/" className="SI360.GateRunner.Tests.ReportWriterTests" name="WriteAsync_IncludesDecisionPolicyAndCatalogWarnings" />
    </UnitTest>
    <UnitTest name="SI360.GateRunner.Tests.ReportRetentionPrunerTests.Prune_DeletesOnlyExpiredGateRunEntries" storage="d:\gaterunner\si360.gaterunner.tests\bin\release\net8.0-windows\si360.gaterunner.tests.dll" id="7a41f742-79a2-96e4-4e20-d599b64304a6">
      <Execution id="d78ccc54-de0a-4704-9672-5fa69373439a" />
      <TestMethod codeBase="D:\GateRunner\SI360.GateRunner.Tests\bin\Release\net8.0-windows\SI360.GateRunner.Tests.dll" adapterTypeName="executor://xunit/VsTestRunner3/netcore/" className="SI360.GateRunner.Tests.ReportRetentionPrunerTests" name="Prune_DeletesOnlyExpiredGateRunEntries" />
    </UnitTest>
    <UnitTest name="SI360.GateRunner.Tests.SyntheticProbeRunnerTests.RunAsync_SkipsWhenProbeModeDisabled" storage="d:\gaterunner\si360.gaterunner.tests\bin\release\net8.0-windows\si360.gaterunner.tests.dll" id="65e32a25-058a-279e-02e5-30ebeed7e422">
      <Execution id="69265821-6247-468d-a660-6a7c4da581d9" />
      <TestMethod codeBase="D:\GateRunner\SI360.GateRunner.Tests\bin\Release\net8.0-windows\SI360.GateRunner.Tests.dll" adapterTypeName="executor://xunit/VsTestRunner3/netcore/" className="SI360.GateRunner.Tests.SyntheticProbeRunnerTests" name="RunAsync_SkipsWhenProbeModeDisabled" />
    </UnitTest>
    <UnitTest name="SI360.GateRunner.Tests.ProcessRunnerTests.RunAsync_ReportsTimeout" storage="d:\gaterunner\si360.gaterunner.tests\bin\release\net8.0-windows\si360.gaterunner.tests.dll" id="f75b1d4f-4e9b-9446-b76b-142d7f7137a2">
      <Execution id="7bd27d49-f06b-45d0-9fd5-35e117ce1746" />
      <TestMethod codeBase="D:\GateRunner\SI360.GateRunner.Tests\bin\Release\net8.0-windows\SI360.GateRunner.Tests.dll" adapterTypeName="executor://xunit/VsTestRunner3/netcore/" className="SI360.GateRunner.Tests.ProcessRunnerTests" name="RunAsync_ReportsTimeout" />
    </UnitTest>
    <UnitTest name="SI360.GateRunner.Tests.SecretRedactorTests.Redact_RemovesKnownSecretPatterns(input: &quot;https://example.test/status?token=super-secret-tok&quot;···)" storage="d:\gaterunner\si360.gaterunner.tests\bin\release\net8.0-windows\si360.gaterunner.tests.dll" id="29114be5-55cd-6aa0-9e64-7c18eb5130ca">
      <Execution id="528582de-9d27-4170-a0b0-8fd0de5ebfec" />
      <TestMethod codeBase="D:\GateRunner\SI360.GateRunner.Tests\bin\Release\net8.0-windows\SI360.GateRunner.Tests.dll" adapterTypeName="executor://xunit/VsTestRunner3/netcore/" className="SI360.GateRunner.Tests.SecretRedactorTests" name="Redact_RemovesKnownSecretPatterns" />
    </UnitTest>
    <UnitTest name="SI360.GateRunner.Tests.DecisionPolicyTests.Decide_ReturnsNoGo_WhenBuildErrorsExist" storage="d:\gaterunner\si360.gaterunner.tests\bin\release\net8.0-windows\si360.gaterunner.tests.dll" id="d7dd4c99-154f-8ab6-56e0-8363e63caeb3">
      <Execution id="db7c6979-3fd5-46b1-a535-24ccf451f3be" />
      <TestMethod codeBase="D:\GateRunner\SI360.GateRunner.Tests\bin\Release\net8.0-windows\SI360.GateRunner.Tests.dll" adapterTypeName="executor://xunit/VsTestRunner3/netcore/" className="SI360.GateRunner.Tests.DecisionPolicyTests" name="Decide_ReturnsNoGo_WhenBuildErrorsExist" />
    </UnitTest>
    <UnitTest name="SI360.GateRunner.Tests.SyntheticProbeRunnerTests.RunAsync_ReportsProbeStatusAndRedactsEndpointDiagnostics" storage="d:\gaterunner\si360.gaterunner.tests\bin\release\net8.0-windows\si360.gaterunner.tests.dll" id="aefb7d5f-9507-8f36-af3a-192a4452d88b">
      <Execution id="637f0ce9-c1a7-4b4b-a6fd-0eab806dbb8c" />
      <TestMethod codeBase="D:\GateRunner\SI360.GateRunner.Tests\bin\Release\net8.0-windows\SI360.GateRunner.Tests.dll" adapterTypeName="executor://xunit/VsTestRunner3/netcore/" className="SI360.GateRunner.Tests.SyntheticProbeRunnerTests" name="RunAsync_ReportsProbeStatusAndRedactsEndpointDiagnostics" />
    </UnitTest>
    <UnitTest name="SI360.GateRunner.Tests.GateCatalogDriftAnalyzerTests.Validate_ReportsCountDriftAndMissingEntries" storage="d:\gaterunner\si360.gaterunner.tests\bin\release\net8.0-windows\si360.gaterunner.tests.dll" id="1b6b7928-b660-48f6-d5c7-ae81f2164e53">
      <Execution id="b53a30e7-2e2e-40e0-a380-5af97a963e89" />
      <TestMethod codeBase="D:\GateRunner\SI360.GateRunner.Tests\bin\Release\net8.0-windows\SI360.GateRunner.Tests.dll" adapterTypeName="executor://xunit/VsTestRunner3/netcore/" className="SI360.GateRunner.Tests.GateCatalogDriftAnalyzerTests" name="Validate_ReportsCountDriftAndMissingEntries" />
    </UnitTest>
    <UnitTest name="SI360.GateRunner.Tests.DecisionPolicyTests.Decide_ReturnsHold_WhenRuntimeReadinessIsUnknown" storage="d:\gaterunner\si360.gaterunner.tests\bin\release\net8.0-windows\si360.gaterunner.tests.dll" id="9e57d6eb-82a9-dc35-1243-4147386ed772">
      <Execution id="67a8ac4e-1179-41e8-b52a-78cc2d74e099" />
      <TestMethod codeBase="D:\GateRunner\SI360.GateRunner.Tests\bin\Release\net8.0-windows\SI360.GateRunner.Tests.dll" adapterTypeName="executor://xunit/VsTestRunner3/netcore/" className="SI360.GateRunner.Tests.DecisionPolicyTests" name="Decide_ReturnsHold_WhenRuntimeReadinessIsUnknown" />
    </UnitTest>
    <UnitTest name="SI360.GateRunner.Tests.RunnerSettingsTests.Discover_FindsSolutionTestProjectAndResultsDirectoryFromCandidateRoot" storage="d:\gaterunner\si360.gaterunner.tests\bin\release\net8.0-windows\si360.gaterunner.tests.dll" id="3af1a18d-e042-ff91-90ee-7632bc4d2055">
      <Execution id="9d026124-9e71-4303-8e21-5bfbb931ccb1" />
      <TestMethod codeBase="D:\GateRunner\SI360.GateRunner.Tests\bin\Release\net8.0-windows\SI360.GateRunner.Tests.dll" adapterTypeName="executor://xunit/VsTestRunner3/netcore/" className="SI360.GateRunner.Tests.RunnerSettingsTests" name="Discover_FindsSolutionTestProjectAndResultsDirectoryFromCandidateRoot" />
    </UnitTest>
    <UnitTest name="SI360.GateRunner.Tests.DecisionPolicyTests.Decide_ReturnsHold_WhenBuildWarningExists" storage="d:\gaterunner\si360.gaterunner.tests\bin\release\net8.0-windows\si360.gaterunner.tests.dll" id="cbbe7d7d-5063-35a5-ac3b-41d2f786657e">
      <Execution id="7fea35f5-ff5b-42f2-9439-9af2754061a9" />
      <TestMethod codeBase="D:\GateRunner\SI360.GateRunner.Tests\bin\Release\net8.0-windows\SI360.GateRunner.Tests.dll" adapterTypeName="executor://xunit/VsTestRunner3/netcore/" className="SI360.GateRunner.Tests.DecisionPolicyTests" name="Decide_ReturnsHold_WhenBuildWarningExists" />
    </UnitTest>
    <UnitTest name="SI360.GateRunner.Tests.DecisionPolicyTests.Decide_ReturnsGo_WhenScoreMeetsThresholdAndAllGatesGreen" storage="d:\gaterunner\si360.gaterunner.tests\bin\release\net8.0-windows\si360.gaterunner.tests.dll" id="ef0c39ad-e05d-4e0f-b601-af34c65519dd">
      <Execution id="f7909589-2387-489d-ad37-84871d558b86" />
      <TestMethod codeBase="D:\GateRunner\SI360.GateRunner.Tests\bin\Release\net8.0-windows\SI360.GateRunner.Tests.dll" adapterTypeName="executor://xunit/VsTestRunner3/netcore/" className="SI360.GateRunner.Tests.DecisionPolicyTests" name="Decide_ReturnsGo_WhenScoreMeetsThresholdAndAllGatesGreen" />
    </UnitTest>
    <UnitTest name="SI360.GateRunner.Tests.DeploymentMetadataValidatorTests.Validate_ReportsMalformedEndpointsAndIds" storage="d:\gaterunner\si360.gaterunner.tests\bin\release\net8.0-windows\si360.gaterunner.tests.dll" id="e17fca42-437a-68d1-0840-f851d75d6b14">
      <Execution id="ff10174d-33af-4287-b8ec-bea4116d6619" />
      <TestMethod codeBase="D:\GateRunner\SI360.GateRunner.Tests\bin\Release\net8.0-windows\SI360.GateRunner.Tests.dll" adapterTypeName="executor://xunit/VsTestRunner3/netcore/" className="SI360.GateRunner.Tests.DeploymentMetadataValidatorTests" name="Validate_ReportsMalformedEndpointsAndIds" />
    </UnitTest>
    <UnitTest name="SI360.GateRunner.Tests.GateCatalogDriftAnalyzerTests.DiscoverFromDirectory_FindsGateClassesAndCountsFactsAndTheories" storage="d:\gaterunner\si360.gaterunner.tests\bin\release\net8.0-windows\si360.gaterunner.tests.dll" id="8f1b24f5-0753-b595-10ac-0efcdcd844e4">
      <Execution id="e1d03342-bf3b-4775-8e95-76ae3dd3a6a3" />
      <TestMethod codeBase="D:\GateRunner\SI360.GateRunner.Tests\bin\Release\net8.0-windows\SI360.GateRunner.Tests.dll" adapterTypeName="executor://xunit/VsTestRunner3/netcore/" className="SI360.GateRunner.Tests.GateCatalogDriftAnalyzerTests" name="DiscoverFromDirectory_FindsGateClassesAndCountsFactsAndTheories" />
    </UnitTest>
    <UnitTest name="SI360.GateRunner.Tests.DecisionPolicyTests.Decide_ReturnsNoGo_WhenAnyGateIsRed" storage="d:\gaterunner\si360.gaterunner.tests\bin\release\net8.0-windows\si360.gaterunner.tests.dll" id="e00f6021-d598-de18-aede-4c9968af10d1">
      <Execution id="22daec67-9601-410e-ad40-5cfa04e18fe9" />
      <TestMethod codeBase="D:\GateRunner\SI360.GateRunner.Tests\bin\Release\net8.0-windows\SI360.GateRunner.Tests.dll" adapterTypeName="executor://xunit/VsTestRunner3/netcore/" className="SI360.GateRunner.Tests.DecisionPolicyTests" name="Decide_ReturnsNoGo_WhenAnyGateIsRed" />
    </UnitTest>
    <UnitTest name="SI360.GateRunner.Tests.SecretRedactorTests.Redact_RemovesKnownSecretPatterns(input: &quot;api_key=super-secret-token&quot;)" storage="d:\gaterunner\si360.gaterunner.tests\bin\release\net8.0-windows\si360.gaterunner.tests.dll" id="3eced5d3-c4d0-10c3-4c77-64ca197d1417">
      <Execution id="41dadbd2-b29f-445f-9276-66bc514bdb72" />
      <TestMethod codeBase="D:\GateRunner\SI360.GateRunner.Tests\bin\Release\net8.0-windows\SI360.GateRunner.Tests.dll" adapterTypeName="executor://xunit/VsTestRunner3/netcore/" className="SI360.GateRunner.Tests.SecretRedactorTests" name="Redact_RemovesKnownSecretPatterns" />
    </UnitTest>
    <UnitTest name="SI360.GateRunner.Tests.DecisionPolicyTests.Decide_ReturnsHold_WhenAllGatesGreenButScoreIsBelowGoThreshold" storage="d:\gaterunner\si360.gaterunner.tests\bin\release\net8.0-windows\si360.gaterunner.tests.dll" id="a9c81db0-9e6e-7165-c525-3e83dc3a9d57">
      <Execution id="faf2c759-367f-4493-8e29-ef30f7213046" />
      <TestMethod codeBase="D:\GateRunner\SI360.GateRunner.Tests\bin\Release\net8.0-windows\SI360.GateRunner.Tests.dll" adapterTypeName="executor://xunit/VsTestRunner3/netcore/" className="SI360.GateRunner.Tests.DecisionPolicyTests" name="Decide_ReturnsHold_WhenAllGatesGreenButScoreIsBelowGoThreshold" />
    </UnitTest>
    <UnitTest name="SI360.GateRunner.Tests.RunnerSettingsTests.Validate_ReturnsActionableErrorsForInvalidConfiguration" storage="d:\gaterunner\si360.gaterunner.tests\bin\release\net8.0-windows\si360.gaterunner.tests.dll" id="466bb025-5f29-c51c-5a36-4e140a2ce2cc">
      <Execution id="d8aaa48c-39a9-4361-a5ac-89838df1f31e" />
      <TestMethod codeBase="D:\GateRunner\SI360.GateRunner.Tests\bin\Release\net8.0-windows\SI360.GateRunner.Tests.dll" adapterTypeName="executor://xunit/VsTestRunner3/netcore/" className="SI360.GateRunner.Tests.RunnerSettingsTests" name="Validate_ReturnsActionableErrorsForInvalidConfiguration" />
    </UnitTest>
    <UnitTest name="SI360.GateRunner.Tests.TrxResultParserTests.Parse_ReadsFailedTestDetailsFromTrx" storage="d:\gaterunner\si360.gaterunner.tests\bin\release\net8.0-windows\si360.gaterunner.tests.dll" id="28901983-af4e-1a8b-9905-8626dcfb5c69">
      <Execution id="4ec8a951-c619-4b6d-ae59-7074c08316a0" />
      <TestMethod codeBase="D:\GateRunner\SI360.GateRunner.Tests\bin\Release\net8.0-windows\SI360.GateRunner.Tests.dll" adapterTypeName="executor://xunit/VsTestRunner3/netcore/" className="SI360.GateRunner.Tests.TrxResultParserTests" name="Parse_ReadsFailedTestDetailsFromTrx" />
    </UnitTest>
    <UnitTest name="SI360.GateRunner.Tests.RunnerSettingsTests.ApplyEnvironmentVariables_OverridesNewConfigurationFields" storage="d:\gaterunner\si360.gaterunner.tests\bin\release\net8.0-windows\si360.gaterunner.tests.dll" id="c1426626-f98b-4838-49b5-97cd2f2ae64d">
      <Execution id="e74abff2-f8a8-4916-8932-6fab4a7bab44" />
      <TestMethod codeBase="D:\GateRunner\SI360.GateRunner.Tests\bin\Release\net8.0-windows\SI360.GateRunner.Tests.dll" adapterTypeName="executor://xunit/VsTestRunner3/netcore/" className="SI360.GateRunner.Tests.RunnerSettingsTests" name="ApplyEnvironmentVariables_OverridesNewConfigurationFields" />
    </UnitTest>
    <UnitTest name="SI360.GateRunner.Tests.SyntheticProbeRunnerTests.RunAsync_SkipsWhenMetadataInvalid" storage="d:\gaterunner\si360.gaterunner.tests\bin\release\net8.0-windows\si360.gaterunner.tests.dll" id="701eb8fd-0932-a6c0-aadb-5097e702b514">
      <Execution id="6881d617-2f1a-4664-af87-e242bf6cedd1" />
      <TestMethod codeBase="D:\GateRunner\SI360.GateRunner.Tests\bin\Release\net8.0-windows\SI360.GateRunner.Tests.dll" adapterTypeName="executor://xunit/VsTestRunner3/netcore/" className="SI360.GateRunner.Tests.SyntheticProbeRunnerTests" name="RunAsync_SkipsWhenMetadataInvalid" />
    </UnitTest>
    <UnitTest name="SI360.GateRunner.Tests.ReportWriterTests.WriteAsync_IncludesQualityIssuesAndGradingImpacts" storage="d:\gaterunner\si360.gaterunner.tests\bin\release\net8.0-windows\si360.gaterunner.tests.dll" id="63acd814-0e94-b4cc-5bb0-4081f5c634fb">
      <Execution id="98f63175-8b1a-4aa6-94c1-005931d0912b" />
      <TestMethod codeBase="D:\GateRunner\SI360.GateRunner.Tests\bin\Release\net8.0-windows\SI360.GateRunner.Tests.dll" adapterTypeName="executor://xunit/VsTestRunner3/netcore/" className="SI360.GateRunner.Tests.ReportWriterTests" name="WriteAsync_IncludesQualityIssuesAndGradingImpacts" />
    </UnitTest>
    <UnitTest name="SI360.GateRunner.Tests.SecretRedactorTests.Redact_RemovesKnownSecretPatterns(input: &quot;Server=db;Password=super-secret-token;Database=SI3&quot;···)" storage="d:\gaterunner\si360.gaterunner.tests\bin\release\net8.0-windows\si360.gaterunner.tests.dll" id="25cf303c-61f7-2226-36d2-65731f09ebd4">
      <Execution id="daef2119-bdb1-4502-a77b-bbb2abf4f991" />
      <TestMethod codeBase="D:\GateRunner\SI360.GateRunner.Tests\bin\Release\net8.0-windows\SI360.GateRunner.Tests.dll" adapterTypeName="executor://xunit/VsTestRunner3/netcore/" className="SI360.GateRunner.Tests.SecretRedactorTests" name="Redact_RemovesKnownSecretPatterns" />
    </UnitTest>
    <UnitTest name="SI360.GateRunner.Tests.DeploymentMetadataValidatorTests.Validate_ReportsMissingRequiredFields" storage="d:\gaterunner\si360.gaterunner.tests\bin\release\net8.0-windows\si360.gaterunner.tests.dll" id="1db434c8-2f2a-9853-7f17-6b29859693db">
      <Execution id="b6e034d0-865e-4020-9651-39e10f867e4e" />
      <TestMethod codeBase="D:\GateRunner\SI360.GateRunner.Tests\bin\Release\net8.0-windows\SI360.GateRunner.Tests.dll" adapterTypeName="executor://xunit/VsTestRunner3/netcore/" className="SI360.GateRunner.Tests.DeploymentMetadataValidatorTests" name="Validate_ReportsMissingRequiredFields" />
    </UnitTest>
    <UnitTest name="SI360.GateRunner.Tests.DecisionPolicyTests.Decide_ReturnsHold_WhenCatalogWarningsExist" storage="d:\gaterunner\si360.gaterunner.tests\bin\release\net8.0-windows\si360.gaterunner.tests.dll" id="b99200d7-4624-dab8-0f77-52d1da46246f">
      <Execution id="f9e73aa8-1376-4d4f-9d70-a58fef74be1c" />
      <TestMethod codeBase="D:\GateRunner\SI360.GateRunner.Tests\bin\Release\net8.0-windows\SI360.GateRunner.Tests.dll" adapterTypeName="executor://xunit/VsTestRunner3/netcore/" className="SI360.GateRunner.Tests.DecisionPolicyTests" name="Decide_ReturnsHold_WhenCatalogWarningsExist" />
    </UnitTest>
    <UnitTest name="SI360.GateRunner.Tests.SecretRedactorTests.ProcessRunner_RedactsLiveLogsAndArtifacts" storage="d:\gaterunner\si360.gaterunner.tests\bin\release\net8.0-windows\si360.gaterunner.tests.dll" id="e5bcac40-2237-0d4e-c066-3acbc12fd55e">
      <Execution id="b25cdc99-0dc8-408c-a31c-6c9037b1f971" />
      <TestMethod codeBase="D:\GateRunner\SI360.GateRunner.Tests\bin\Release\net8.0-windows\SI360.GateRunner.Tests.dll" adapterTypeName="executor://xunit/VsTestRunner3/netcore/" className="SI360.GateRunner.Tests.SecretRedactorTests" name="ProcessRunner_RedactsLiveLogsAndArtifacts" />
    </UnitTest>
    <UnitTest name="SI360.GateRunner.Tests.ReportWriterTests.WriteAsync_IncludesRuntimeReadinessMetadataAndProbes" storage="d:\gaterunner\si360.gaterunner.tests\bin\release\net8.0-windows\si360.gaterunner.tests.dll" id="94da6005-2a68-71ff-fd76-cc8a31df085f">
      <Execution id="eef9177f-0597-485a-8a73-4a99df6c5f6f" />
      <TestMethod codeBase="D:\GateRunner\SI360.GateRunner.Tests\bin\Release\net8.0-windows\SI360.GateRunner.Tests.dll" adapterTypeName="executor://xunit/VsTestRunner3/netcore/" className="SI360.GateRunner.Tests.ReportWriterTests" name="WriteAsync_IncludesRuntimeReadinessMetadataAndProbes" />
    </UnitTest>
    <UnitTest name="SI360.GateRunner.Tests.ProcessRunnerTests.RunAsync_WritesArtifactsForCompletedProcess" storage="d:\gaterunner\si360.gaterunner.tests\bin\release\net8.0-windows\si360.gaterunner.tests.dll" id="a69cfc93-9ed5-bed5-5e18-045cad126d18">
      <Execution id="f079b589-fce9-40e7-aefb-17257e3be46c" />
      <TestMethod codeBase="D:\GateRunner\SI360.GateRunner.Tests\bin\Release\net8.0-windows\SI360.GateRunner.Tests.dll" adapterTypeName="executor://xunit/VsTestRunner3/netcore/" className="SI360.GateRunner.Tests.ProcessRunnerTests" name="RunAsync_WritesArtifactsForCompletedProcess" />
    </UnitTest>
    <UnitTest name="SI360.GateRunner.Tests.ReportWriterTests.WriteAsync_RedactsSecretsFromMarkdownAndJson" storage="d:\gaterunner\si360.gaterunner.tests\bin\release\net8.0-windows\si360.gaterunner.tests.dll" id="1e09913d-1be4-ea6f-4da3-bb82404330a6">
      <Execution id="fdf1f271-fe95-4d5a-ba4a-a8aa59c95e63" />
      <TestMethod codeBase="D:\GateRunner\SI360.GateRunner.Tests\bin\Release\net8.0-windows\SI360.GateRunner.Tests.dll" adapterTypeName="executor://xunit/VsTestRunner3/netcore/" className="SI360.GateRunner.Tests.ReportWriterTests" name="WriteAsync_RedactsSecretsFromMarkdownAndJson" />
    </UnitTest>
    <UnitTest name="SI360.GateRunner.Tests.DeploymentMetadataValidatorTests.Validate_RejectsSecretValuesAndSecretLikeFields" storage="d:\gaterunner\si360.gaterunner.tests\bin\release\net8.0-windows\si360.gaterunner.tests.dll" id="b770f71d-0d0a-bca3-46f0-1672ace75254">
      <Execution id="65c160ec-f545-4e45-b4cb-7e02e6a75959" />
      <TestMethod codeBase="D:\GateRunner\SI360.GateRunner.Tests\bin\Release\net8.0-windows\SI360.GateRunner.Tests.dll" adapterTypeName="executor://xunit/VsTestRunner3/netcore/" className="SI360.GateRunner.Tests.DeploymentMetadataValidatorTests" name="Validate_RejectsSecretValuesAndSecretLikeFields" />
    </UnitTest>
    <UnitTest name="SI360.GateRunner.Tests.DeploymentMetadataValidatorTests.LoadAndValidate_ReadsMetadataFile" storage="d:\gaterunner\si360.gaterunner.tests\bin\release\net8.0-windows\si360.gaterunner.tests.dll" id="002d2d59-9e33-8304-f7f9-c80766298b80">
      <Execution id="6abc052e-2388-44f6-b199-42f75e8ba77a" />
      <TestMethod codeBase="D:\GateRunner\SI360.GateRunner.Tests\bin\Release\net8.0-windows\SI360.GateRunner.Tests.dll" adapterTypeName="executor://xunit/VsTestRunner3/netcore/" className="SI360.GateRunner.Tests.DeploymentMetadataValidatorTests" name="LoadAndValidate_ReadsMetadataFile" />
    </UnitTest>
    <UnitTest name="SI360.GateRunner.Tests.DecisionPolicyTests.Decide_ReturnsHold_WhenScorePassesButAnyGateIsYellow" storage="d:\gaterunner\si360.gaterunner.tests\bin\release\net8.0-windows\si360.gaterunner.tests.dll" id="bd5ad49f-a308-db5a-14b2-50eb08819930">
      <Execution id="f0e673b5-92ed-477f-b70e-7180fd7debc8" />
      <TestMethod codeBase="D:\GateRunner\SI360.GateRunner.Tests\bin\Release\net8.0-windows\SI360.GateRunner.Tests.dll" adapterTypeName="executor://xunit/VsTestRunner3/netcore/" className="SI360.GateRunner.Tests.DecisionPolicyTests" name="Decide_ReturnsHold_WhenScorePassesButAnyGateIsYellow" />
    </UnitTest>
    <UnitTest name="SI360.GateRunner.Tests.GateRunnerCommandsTests.BuildAsync_BuildsSolutionWithoutRestore" storage="d:\gaterunner\si360.gaterunner.tests\bin\release\net8.0-windows\si360.gaterunner.tests.dll" id="a4c8932d-78f7-1711-ee84-337770195869">
      <Execution id="3079637d-2584-48e7-be5c-83f1f98c96e4" />
      <TestMethod codeBase="D:\GateRunner\SI360.GateRunner.Tests\bin\Release\net8.0-windows\SI360.GateRunner.Tests.dll" adapterTypeName="executor://xunit/VsTestRunner3/netcore/" className="SI360.GateRunner.Tests.GateRunnerCommandsTests" name="BuildAsync_BuildsSolutionWithoutRestore" />
    </UnitTest>
    <UnitTest name="SI360.GateRunner.Tests.GateRunnerCommandsTests.Snapshot_MatchesCommandFactoryOutput" storage="d:\gaterunner\si360.gaterunner.tests\bin\release\net8.0-windows\si360.gaterunner.tests.dll" id="86a806c3-008c-3494-158c-33d60ef62ffc">
      <Execution id="819f0bc3-1e5b-4f5a-b4d4-c343d32d6fd6" />
      <TestMethod codeBase="D:\GateRunner\SI360.GateRunner.Tests\bin\Release\net8.0-windows\SI360.GateRunner.Tests.dll" adapterTypeName="executor://xunit/VsTestRunner3/netcore/" className="SI360.GateRunner.Tests.GateRunnerCommandsTests" name="Snapshot_MatchesCommandFactoryOutput" />
    </UnitTest>
  </TestDefinitions>
  <TestEntries>
    <TestEntry testId="8f1b24f5-0753-b595-10ac-0efcdcd844e4" executionId="e1d03342-bf3b-4775-8e95-76ae3dd3a6a3" testListId="8c84fa94-04c1-424b-9868-57a2d4851a1d" />
    <TestEntry testId="3af1a18d-e042-ff91-90ee-7632bc4d2055" executionId="9d026124-9e71-4303-8e21-5bfbb931ccb1" testListId="8c84fa94-04c1-424b-9868-57a2d4851a1d" />
    <TestEntry testId="b29d39a7-da59-f918-7964-800b7b5188f1" executionId="ec5ef375-2eda-4605-af5f-c1a92a6427cf" testListId="8c84fa94-04c1-424b-9868-57a2d4851a1d" />
    <TestEntry testId="ef0c39ad-e05d-4e0f-b601-af34c65519dd" executionId="f7909589-2387-489d-ad37-84871d558b86" testListId="8c84fa94-04c1-424b-9868-57a2d4851a1d" />
    <TestEntry testId="f27e3ab1-0bbe-4813-716c-f16b8f2b553d" executionId="f081d9ed-06d7-45af-b380-ec4ebea09206" testListId="8c84fa94-04c1-424b-9868-57a2d4851a1d" />
    <TestEntry testId="1e09913d-1be4-ea6f-4da3-bb82404330a6" executionId="fdf1f271-fe95-4d5a-ba4a-a8aa59c95e63" testListId="8c84fa94-04c1-424b-9868-57a2d4851a1d" />
    <TestEntry testId="65e32a25-058a-279e-02e5-30ebeed7e422" executionId="69265821-6247-468d-a660-6a7c4da581d9" testListId="8c84fa94-04c1-424b-9868-57a2d4851a1d" />
    <TestEntry testId="1db434c8-2f2a-9853-7f17-6b29859693db" executionId="b6e034d0-865e-4020-9651-39e10f867e4e" testListId="8c84fa94-04c1-424b-9868-57a2d4851a1d" />
    <TestEntry testId="466bb025-5f29-c51c-5a36-4e140a2ce2cc" executionId="d8aaa48c-39a9-4361-a5ac-89838df1f31e" testListId="8c84fa94-04c1-424b-9868-57a2d4851a1d" />
    <TestEntry testId="a2bfa92d-2574-ce2e-6b44-8feb6afef1af" executionId="bbf7e51b-6469-4437-b287-cda78cef70fc" testListId="8c84fa94-04c1-424b-9868-57a2d4851a1d" />
    <TestEntry testId="bb197bcb-a685-15af-e079-6135eebd9628" executionId="9f320d67-22dd-4a01-8bf5-00ca259e4cc2" testListId="8c84fa94-04c1-424b-9868-57a2d4851a1d" />
    <TestEntry testId="a69cfc93-9ed5-bed5-5e18-045cad126d18" executionId="f079b589-fce9-40e7-aefb-17257e3be46c" testListId="8c84fa94-04c1-424b-9868-57a2d4851a1d" />
    <TestEntry testId="3eced5d3-c4d0-10c3-4c77-64ca197d1417" executionId="41dadbd2-b29f-445f-9276-66bc514bdb72" testListId="8c84fa94-04c1-424b-9868-57a2d4851a1d" />
    <TestEntry testId="a4c8932d-78f7-1711-ee84-337770195869" executionId="3079637d-2584-48e7-be5c-83f1f98c96e4" testListId="8c84fa94-04c1-424b-9868-57a2d4851a1d" />
    <TestEntry testId="1b6b7928-b660-48f6-d5c7-ae81f2164e53" executionId="b53a30e7-2e2e-40e0-a380-5af97a963e89" testListId="8c84fa94-04c1-424b-9868-57a2d4851a1d" />
    <TestEntry testId="b99200d7-4624-dab8-0f77-52d1da46246f" executionId="f9e73aa8-1376-4d4f-9d70-a58fef74be1c" testListId="8c84fa94-04c1-424b-9868-57a2d4851a1d" />
    <TestEntry testId="86a806c3-008c-3494-158c-33d60ef62ffc" executionId="819f0bc3-1e5b-4f5a-b4d4-c343d32d6fd6" testListId="8c84fa94-04c1-424b-9868-57a2d4851a1d" />
    <TestEntry testId="94da6005-2a68-71ff-fd76-cc8a31df085f" executionId="eef9177f-0597-485a-8a73-4a99df6c5f6f" testListId="8c84fa94-04c1-424b-9868-57a2d4851a1d" />
    <TestEntry testId="e5bcac40-2237-0d4e-c066-3acbc12fd55e" executionId="b25cdc99-0dc8-408c-a31c-6c9037b1f971" testListId="8c84fa94-04c1-424b-9868-57a2d4851a1d" />
    <TestEntry testId="28901983-af4e-1a8b-9905-8626dcfb5c69" executionId="4ec8a951-c619-4b6d-ae59-7074c08316a0" testListId="8c84fa94-04c1-424b-9868-57a2d4851a1d" />
    <TestEntry testId="c1426626-f98b-4838-49b5-97cd2f2ae64d" executionId="e74abff2-f8a8-4916-8932-6fab4a7bab44" testListId="8c84fa94-04c1-424b-9868-57a2d4851a1d" />
    <TestEntry testId="4b5ceb6d-89c0-a7f5-da1f-76566e0d3abd" executionId="369cbbbc-2adc-47de-b58f-fb213b2bf821" testListId="8c84fa94-04c1-424b-9868-57a2d4851a1d" />
    <TestEntry testId="a9c81db0-9e6e-7165-c525-3e83dc3a9d57" executionId="faf2c759-367f-4493-8e29-ef30f7213046" testListId="8c84fa94-04c1-424b-9868-57a2d4851a1d" />
    <TestEntry testId="7a41f742-79a2-96e4-4e20-d599b64304a6" executionId="d78ccc54-de0a-4704-9672-5fa69373439a" testListId="8c84fa94-04c1-424b-9868-57a2d4851a1d" />
    <TestEntry testId="002d2d59-9e33-8304-f7f9-c80766298b80" executionId="6abc052e-2388-44f6-b199-42f75e8ba77a" testListId="8c84fa94-04c1-424b-9868-57a2d4851a1d" />
    <TestEntry testId="29114be5-55cd-6aa0-9e64-7c18eb5130ca" executionId="528582de-9d27-4170-a0b0-8fd0de5ebfec" testListId="8c84fa94-04c1-424b-9868-57a2d4851a1d" />
    <TestEntry testId="421d3f0a-c796-3398-1fa8-2b592e7d4f44" executionId="01747e56-838c-4a7d-96b0-95962b24b229" testListId="8c84fa94-04c1-424b-9868-57a2d4851a1d" />
    <TestEntry testId="b770f71d-0d0a-bca3-46f0-1672ace75254" executionId="65c160ec-f545-4e45-b4cb-7e02e6a75959" testListId="8c84fa94-04c1-424b-9868-57a2d4851a1d" />
    <TestEntry testId="bd5ad49f-a308-db5a-14b2-50eb08819930" executionId="f0e673b5-92ed-477f-b70e-7180fd7debc8" testListId="8c84fa94-04c1-424b-9868-57a2d4851a1d" />
    <TestEntry testId="f115d62a-bf7f-b4ad-9271-495c2d158814" executionId="2f6f61f8-ac36-4e88-8df0-e26f8778efd2" testListId="8c84fa94-04c1-424b-9868-57a2d4851a1d" />
    <TestEntry testId="63acd814-0e94-b4cc-5bb0-4081f5c634fb" executionId="98f63175-8b1a-4aa6-94c1-005931d0912b" testListId="8c84fa94-04c1-424b-9868-57a2d4851a1d" />
    <TestEntry testId="aefb7d5f-9507-8f36-af3a-192a4452d88b" executionId="637f0ce9-c1a7-4b4b-a6fd-0eab806dbb8c" testListId="8c84fa94-04c1-424b-9868-57a2d4851a1d" />
    <TestEntry testId="701eb8fd-0932-a6c0-aadb-5097e702b514" executionId="6881d617-2f1a-4664-af87-e242bf6cedd1" testListId="8c84fa94-04c1-424b-9868-57a2d4851a1d" />
    <TestEntry testId="9e57d6eb-82a9-dc35-1243-4147386ed772" executionId="67a8ac4e-1179-41e8-b52a-78cc2d74e099" testListId="8c84fa94-04c1-424b-9868-57a2d4851a1d" />
    <TestEntry testId="d7dd4c99-154f-8ab6-56e0-8363e63caeb3" executionId="db7c6979-3fd5-46b1-a535-24ccf451f3be" testListId="8c84fa94-04c1-424b-9868-57a2d4851a1d" />
    <TestEntry testId="f75b1d4f-4e9b-9446-b76b-142d7f7137a2" executionId="7bd27d49-f06b-45d0-9fd5-35e117ce1746" testListId="8c84fa94-04c1-424b-9868-57a2d4851a1d" />
    <TestEntry testId="e00f6021-d598-de18-aede-4c9968af10d1" executionId="22daec67-9601-410e-ad40-5cfa04e18fe9" testListId="8c84fa94-04c1-424b-9868-57a2d4851a1d" />
    <TestEntry testId="7ff8e1e4-de77-331f-5ef6-5c1ae0a069cd" executionId="798cc750-c5eb-4949-9d51-33609cd0a904" testListId="8c84fa94-04c1-424b-9868-57a2d4851a1d" />
    <TestEntry testId="e17fca42-437a-68d1-0840-f851d75d6b14" executionId="ff10174d-33af-4287-b8ec-bea4116d6619" testListId="8c84fa94-04c1-424b-9868-57a2d4851a1d" />
    <TestEntry testId="25cf303c-61f7-2226-36d2-65731f09ebd4" executionId="daef2119-bdb1-4502-a77b-bbb2abf4f991" testListId="8c84fa94-04c1-424b-9868-57a2d4851a1d" />
    <TestEntry testId="cbbe7d7d-5063-35a5-ac3b-41d2f786657e" executionId="7fea35f5-ff5b-42f2-9439-9af2754061a9" testListId="8c84fa94-04c1-424b-9868-57a2d4851a1d" />
  </TestEntries>
  <TestLists>
    <TestList name="Results Not in a List" id="8c84fa94-04c1-424b-9868-57a2d4851a1d" />
    <TestList name="All Loaded Results" id="19431567-8539-422a-85d7-44ee4e166bda" />
  </TestLists>
  <ResultSummary outcome="Completed">
    <Counters total="41" executed="41" passed="41" failed="0" error="0" timeout="0" aborted="0" inconclusive="0" passedButRunAborted="0" notRunnable="0" notExecuted="0" disconnected="0" warning="0" completed="0" inProgress="0" pending="0" />
    <Output>
      <StdOut>[xUnit.net 00:00:00.00] xUnit.net VSTest Adapter v3.1.5+1b188a7b0a (32-bit .NET 8.0.25)&#xD;
[xUnit.net 00:00:06.90]   Discovering: SI360.GateRunner.Tests&#xD;
[xUnit.net 00:00:07.09]   Discovered:  SI360.GateRunner.Tests&#xD;
[xUnit.net 00:00:07.15]   Starting:    SI360.GateRunner.Tests&#xD;
[xUnit.net 00:00:08.79]   Finished:    SI360.GateRunner.Tests&#xD;
</StdOut>
    </Output>
  </ResultSummary>
</TestRun>